<html>
<body>
<pre>
<h1>Vision Build Log</h1>
<h2>Project:</h2>
E:\毕业设计相关\设计 -- 温度采集系统(4路)\Keil\Project\TemperatureColl.uvproj
Project File Date:  05/12/2018

<h2>Output:</h2>
Build target 'Target 1'
compiling main.c...
compiling uart.c...
compiling lcd1602.c...
compiling tck_max6675.c...
compiling adc.c...
compiling ds18b20.c...
linking...
*** WARNING L16: UNCALLED SEGMENT, IGNORED FOR OVERLAY PROCESS
    SEGMENT: ?PR?_UART_SEND?UART
*** WARNING L16: UNCALLED SEGMENT, IGNORED FOR OVERLAY PROCESS
    SEGMENT: ?PR?ADC_INIT?ADC
*** WARNING L16: UNCALLED SEGMENT, IGNORED FOR OVERLAY PROCESS
    SEGMENT: ?PR?ADC_TRANSFORM?ADC
*** WARNING L16: UNCALLED SEGMENT, IGNORED FOR OVERLAY PROCESS
    SEGMENT: ?PR?DS18B20_READ_BIT?DS18B20
*** WARNING L16: UNCALLED SEGMENT, IGNORED FOR OVERLAY PROCESS
    SEGMENT: ?PR?DS18B20_READ_2BITS?DS18B20
*** WARNING L16: UNCALLED SEGMENT, IGNORED FOR OVERLAY PROCESS
    SEGMENT: ?PR?DS18B20_READ_ROM?DS18B20
*** WARNING L1: UNRESOLVED EXTERNAL SYMBOL
    SYMBOL:  _UART_RECEIVED
    MODULE:  ..\Outputs\uart.obj (UART)
*** WARNING L2: REFERENCE MADE TO UNRESOLVED EXTERNAL
    SYMBOL:  _UART_RECEIVED
    MODULE:  ..\Outputs\uart.obj (UART)
    ADDRESS: 0C1CH
Program Size: data=115.1 xdata=0 code=3746
creating hex file from "..\Outputs\TemperatureColl"...
"..\Outputs\TemperatureColl" - 0 Error(s), 8 Warning(s).
Build target 'Target 1'
compiling main.c...
compiling uart.c...
compiling lcd1602.c...
compiling tck_max6675.c...
..\HARDWARE\TCK_MAX6675.C(16): error C202: 'CS': undefined identifier
..\HARDWARE\TCK_MAX6675.C(19): error C202: 'CS': undefined identifier
..\HARDWARE\TCK_MAX6675.C(24): error C202: 'SCK': undefined identifier
..\HARDWARE\TCK_MAX6675.C(26): error C202: 'SCK': undefined identifier
..\HARDWARE\TCK_MAX6675.C(28): error C202: 'SO': undefined identifier
compiling adc.c...
compiling ds18b20.c...
Target not created
Build target 'Target 1'
compiling main.c...
compiling uart.c...
compiling lcd1602.c...
compiling tck_max6675.c...
..\HARDWARE\TCK_MAX6675.C(28): error C202: 'SO': undefined identifier
compiling adc.c...
compiling ds18b20.c...
Target not created
Build target 'Target 1'
compiling main.c...
compiling uart.c...
compiling lcd1602.c...
compiling tck_max6675.c...
compiling adc.c...
compiling ds18b20.c...
linking...
*** WARNING L16: UNCALLED SEGMENT, IGNORED FOR OVERLAY PROCESS
    SEGMENT: ?PR?_UART_SEND?UART
*** WARNING L16: UNCALLED SEGMENT, IGNORED FOR OVERLAY PROCESS
    SEGMENT: ?PR?ADC_INIT?ADC
*** WARNING L16: UNCALLED SEGMENT, IGNORED FOR OVERLAY PROCESS
    SEGMENT: ?PR?ADC_TRANSFORM?ADC
*** WARNING L16: UNCALLED SEGMENT, IGNORED FOR OVERLAY PROCESS
    SEGMENT: ?PR?DS18B20_READ_BIT?DS18B20
*** WARNING L16: UNCALLED SEGMENT, IGNORED FOR OVERLAY PROCESS
    SEGMENT: ?PR?DS18B20_READ_2BITS?DS18B20
*** WARNING L16: UNCALLED SEGMENT, IGNORED FOR OVERLAY PROCESS
    SEGMENT: ?PR?DS18B20_READ_ROM?DS18B20
*** WARNING L1: UNRESOLVED EXTERNAL SYMBOL
    SYMBOL:  _UART_RECEIVED
    MODULE:  ..\Outputs\uart.obj (UART)
*** WARNING L2: REFERENCE MADE TO UNRESOLVED EXTERNAL
    SYMBOL:  _UART_RECEIVED
    MODULE:  ..\Outputs\uart.obj (UART)
    ADDRESS: 0C1CH
Program Size: data=115.1 xdata=0 code=3746
creating hex file from "..\Outputs\TemperatureColl"...
"..\Outputs\TemperatureColl" - 0 Error(s), 8 Warning(s).
Build target 'Target 1'
compiling main.c...
..\USER\MAIN.C(22): warning C206: 'tck_read_temp': missing function-prototype
compiling uart.c...
compiling lcd1602.c...
compiling tck_max6675.c...
compiling adc.c...
compiling ds18b20.c...
linking...
*** WARNING L16: UNCALLED SEGMENT, IGNORED FOR OVERLAY PROCESS
    SEGMENT: ?PR?_UART_SEND?UART
*** WARNING L16: UNCALLED SEGMENT, IGNORED FOR OVERLAY PROCESS
    SEGMENT: ?PR?TCK_READ_TEMP1?TCK_MAX6675
*** WARNING L16: UNCALLED SEGMENT, IGNORED FOR OVERLAY PROCESS
    SEGMENT: ?PR?TCK_READ_TEMP2?TCK_MAX6675
*** WARNING L16: UNCALLED SEGMENT, IGNORED FOR OVERLAY PROCESS
    SEGMENT: ?PR?ADC_INIT?ADC
*** WARNING L16: UNCALLED SEGMENT, IGNORED FOR OVERLAY PROCESS
    SEGMENT: ?PR?ADC_TRANSFORM?ADC
*** WARNING L16: UNCALLED SEGMENT, IGNORED FOR OVERLAY PROCESS
    SEGMENT: ?PR?DS18B20_READ_BIT?DS18B20
*** WARNING L16: UNCALLED SEGMENT, IGNORED FOR OVERLAY PROCESS
    SEGMENT: ?PR?DS18B20_READ_2BITS?DS18B20
*** WARNING L16: UNCALLED SEGMENT, IGNORED FOR OVERLAY PROCESS
    SEGMENT: ?PR?DS18B20_READ_ROM?DS18B20
*** WARNING L1: UNRESOLVED EXTERNAL SYMBOL
    SYMBOL:  TCK_READ_TEMP
    MODULE:  ..\Outputs\main.obj (MAIN)
*** WARNING L2: REFERENCE MADE TO UNRESOLVED EXTERNAL
    SYMBOL:  TCK_READ_TEMP
    MODULE:  ..\Outputs\main.obj (MAIN)
    ADDRESS: 0CC8H
*** WARNING L1: UNRESOLVED EXTERNAL SYMBOL
    SYMBOL:  _UART_RECEIVED
    MODULE:  ..\Outputs\uart.obj (UART)
*** WARNING L2: REFERENCE MADE TO UNRESOLVED EXTERNAL
    SYMBOL:  _UART_RECEIVED
    MODULE:  ..\Outputs\uart.obj (UART)
    ADDRESS: 0C63H
Program Size: data=115.1 xdata=0 code=3817
creating hex file from "..\Outputs\TemperatureColl"...
"..\Outputs\TemperatureColl" - 0 Error(s), 13 Warning(s).
Build target 'Target 1'
compiling main.c...
compiling uart.c...
compiling lcd1602.c...
compiling tck_max6675.c...
compiling adc.c...
compiling ds18b20.c...
linking...
*** WARNING L16: UNCALLED SEGMENT, IGNORED FOR OVERLAY PROCESS
    SEGMENT: ?PR?_UART_SEND?UART
*** WARNING L16: UNCALLED SEGMENT, IGNORED FOR OVERLAY PROCESS
    SEGMENT: ?PR?TCK_READ_TEMP2?TCK_MAX6675
*** WARNING L16: UNCALLED SEGMENT, IGNORED FOR OVERLAY PROCESS
    SEGMENT: ?PR?ADC_INIT?ADC
*** WARNING L16: UNCALLED SEGMENT, IGNORED FOR OVERLAY PROCESS
    SEGMENT: ?PR?ADC_TRANSFORM?ADC
*** WARNING L16: UNCALLED SEGMENT, IGNORED FOR OVERLAY PROCESS
    SEGMENT: ?PR?DS18B20_READ_BIT?DS18B20
*** WARNING L16: UNCALLED SEGMENT, IGNORED FOR OVERLAY PROCESS
    SEGMENT: ?PR?DS18B20_READ_2BITS?DS18B20
*** WARNING L16: UNCALLED SEGMENT, IGNORED FOR OVERLAY PROCESS
    SEGMENT: ?PR?DS18B20_READ_ROM?DS18B20
*** WARNING L1: UNRESOLVED EXTERNAL SYMBOL
    SYMBOL:  _UART_RECEIVED
    MODULE:  ..\Outputs\uart.obj (UART)
*** WARNING L2: REFERENCE MADE TO UNRESOLVED EXTERNAL
    SYMBOL:  _UART_RECEIVED
    MODULE:  ..\Outputs\uart.obj (UART)
    ADDRESS: 0C63H
Program Size: data=115.1 xdata=0 code=3817
creating hex file from "..\Outputs\TemperatureColl"...
"..\Outputs\TemperatureColl" - 0 Error(s), 9 Warning(s).
Build target 'Target 1'
compiling main.c...
compiling uart.c...
compiling lcd1602.c...
compiling tck_max6675.c...
compiling adc.c...
compiling ds18b20.c...
linking...
*** WARNING L16: UNCALLED SEGMENT, IGNORED FOR OVERLAY PROCESS
    SEGMENT: ?PR?_UART_SEND?UART
*** WARNING L16: UNCALLED SEGMENT, IGNORED FOR OVERLAY PROCESS
    SEGMENT: ?PR?TCK_READ_TEMP1?TCK_MAX6675
*** WARNING L16: UNCALLED SEGMENT, IGNORED FOR OVERLAY PROCESS
    SEGMENT: ?PR?ADC_INIT?ADC
*** WARNING L16: UNCALLED SEGMENT, IGNORED FOR OVERLAY PROCESS
    SEGMENT: ?PR?ADC_TRANSFORM?ADC
*** WARNING L16: UNCALLED SEGMENT, IGNORED FOR OVERLAY PROCESS
    SEGMENT: ?PR?DS18B20_READ_BIT?DS18B20
*** WARNING L16: UNCALLED SEGMENT, IGNORED FOR OVERLAY PROCESS
    SEGMENT: ?PR?DS18B20_READ_2BITS?DS18B20
*** WARNING L16: UNCALLED SEGMENT, IGNORED FOR OVERLAY PROCESS
    SEGMENT: ?PR?DS18B20_READ_ROM?DS18B20
*** WARNING L1: UNRESOLVED EXTERNAL SYMBOL
    SYMBOL:  _UART_RECEIVED
    MODULE:  ..\Outputs\uart.obj (UART)
*** WARNING L2: REFERENCE MADE TO UNRESOLVED EXTERNAL
    SYMBOL:  _UART_RECEIVED
    MODULE:  ..\Outputs\uart.obj (UART)
    ADDRESS: 0C63H
Program Size: data=115.1 xdata=0 code=3817
creating hex file from "..\Outputs\TemperatureColl"...
"..\Outputs\TemperatureColl" - 0 Error(s), 9 Warning(s).
Build target 'Target 1'
compiling main.c...
compiling uart.c...
compiling lcd1602.c...
compiling tck_max6675.c...
compiling adc.c...
compiling ds18b20.c...
linking...
*** WARNING L16: UNCALLED SEGMENT, IGNORED FOR OVERLAY PROCESS
    SEGMENT: ?PR?_UART_SEND?UART
*** WARNING L16: UNCALLED SEGMENT, IGNORED FOR OVERLAY PROCESS
    SEGMENT: ?PR?LCD_SIMPLE_INIT?LCD1602
*** WARNING L16: UNCALLED SEGMENT, IGNORED FOR OVERLAY PROCESS
    SEGMENT: ?PR?_LCD_DISPLAY_STRING?LCD1602
*** WARNING L16: UNCALLED SEGMENT, IGNORED FOR OVERLAY PROCESS
    SEGMENT: ?PR?TCK_READ_TEMP1?TCK_MAX6675
*** WARNING L16: UNCALLED SEGMENT, IGNORED FOR OVERLAY PROCESS
    SEGMENT: ?PR?TCK_READ_TEMP2?TCK_MAX6675
*** WARNING L16: UNCALLED SEGMENT, IGNORED FOR OVERLAY PROCESS
    SEGMENT: ?PR?ADC_INIT?ADC
*** WARNING L16: UNCALLED SEGMENT, IGNORED FOR OVERLAY PROCESS
    SEGMENT: ?PR?ADC_TRANSFORM?ADC
*** WARNING L16: UNCALLED SEGMENT, IGNORED FOR OVERLAY PROCESS
    SEGMENT: ?PR?DS18B20_READ_BIT?DS18B20
*** WARNING L16: UNCALLED SEGMENT, IGNORED FOR OVERLAY PROCESS
    SEGMENT: ?PR?DS18B20_READ_2BITS?DS18B20
*** WARNING L16: UNCALLED SEGMENT, IGNORED FOR OVERLAY PROCESS
    SEGMENT: ?PR?DS18B20_READ_TEMP1?DS18B20
*** WARNING L16: UNCALLED SEGMENT, IGNORED FOR OVERLAY PROCESS
    SEGMENT: ?PR?DS18B20_READ_ROM?DS18B20
*** WARNING L1: UNRESOLVED EXTERNAL SYMBOL
    SYMBOL:  _UART_RECEIVED
    MODULE:  ..\Outputs\uart.obj (UART)
*** WARNING L2: REFERENCE MADE TO UNRESOLVED EXTERNAL
    SYMBOL:  _UART_RECEIVED
    MODULE:  ..\Outputs\uart.obj (UART)
    ADDRESS: 0351H
Program Size: data=62.0 xdata=0 code=1392
creating hex file from "..\Outputs\TemperatureColl"...
"..\Outputs\TemperatureColl" - 0 Error(s), 13 Warning(s).
Build target 'Target 1'
compiling main.c...
compiling uart.c...
compiling tck_max6675.c...
compiling adc.c...
compiling ds18b20.c...
linking...
*** WARNING L16: UNCALLED SEGMENT, IGNORED FOR OVERLAY PROCESS
    SEGMENT: ?PR?_UART_SEND?UART
*** WARNING L16: UNCALLED SEGMENT, IGNORED FOR OVERLAY PROCESS
    SEGMENT: ?PR?TCK_READ_TEMP1?TCK_MAX6675
*** WARNING L16: UNCALLED SEGMENT, IGNORED FOR OVERLAY PROCESS
    SEGMENT: ?PR?TCK_READ_TEMP2?TCK_MAX6675
*** WARNING L16: UNCALLED SEGMENT, IGNORED FOR OVERLAY PROCESS
    SEGMENT: ?PR?ADC_INIT?ADC
*** WARNING L16: UNCALLED SEGMENT, IGNORED FOR OVERLAY PROCESS
    SEGMENT: ?PR?ADC_TRANSFORM?ADC
*** WARNING L16: UNCALLED SEGMENT, IGNORED FOR OVERLAY PROCESS
    SEGMENT: ?PR?DS18B20_READ_BIT?DS18B20
*** WARNING L16: UNCALLED SEGMENT, IGNORED FOR OVERLAY PROCESS
    SEGMENT: ?PR?DS18B20_READ_2BITS?DS18B20
*** WARNING L16: UNCALLED SEGMENT, IGNORED FOR OVERLAY PROCESS
    SEGMENT: ?PR?DS18B20_READ_TEMP1?DS18B20
*** WARNING L16: UNCALLED SEGMENT, IGNORED FOR OVERLAY PROCESS
    SEGMENT: ?PR?DS18B20_READ_ROM?DS18B20
*** WARNING L1: UNRESOLVED EXTERNAL SYMBOL
    SYMBOL:  _UART_RECEIVED
    MODULE:  ..\Outputs\uart.obj (UART)
*** WARNING L2: REFERENCE MADE TO UNRESOLVED EXTERNAL
    SYMBOL:  _UART_RECEIVED
    MODULE:  ..\Outputs\uart.obj (UART)
    ADDRESS: 0338H
Program Size: data=54.0 xdata=0 code=1151
creating hex file from "..\Outputs\TemperatureColl"...
"..\Outputs\TemperatureColl" - 0 Error(s), 11 Warning(s).
Build target 'Target 1'
compiling main.c...
compiling uart.c...
compiling tck_max6675.c...
compiling adc.c...
compiling ds18b20.c...
..\HARDWARE\DS18B20.C(21): error C202: 'DQ': undefined identifier
..\HARDWARE\DS18B20.C(23): error C202: 'DQ': undefined identifier
..\HARDWARE\DS18B20.C(25): error C202: 'DQ': undefined identifier
..\HARDWARE\DS18B20.C(27): error C202: 'DQ': undefined identifier
..\HARDWARE\DS18B20.C(29): error C202: 'DQ': undefined identifier
..\HARDWARE\DS18B20.C(34): error C202: 'DQ': undefined identifier
..\HARDWARE\DS18B20.C(35): error C202: 'DQ': undefined identifier
..\HARDWARE\DS18B20.C(37): error C202: 'DQ': undefined identifier
..\HARDWARE\DS18B20.C(51): error C202: 'DQ': undefined identifier
..\HARDWARE\DS18B20.C(53): error C202: 'DQ': undefined identifier
..\HARDWARE\DS18B20.C(54): error C202: 'DQ': undefined identifier
..\HARDWARE\DS18B20.C(64): error C202: 'DQ': undefined identifier
..\HARDWARE\DS18B20.C(66): error C202: 'DQ': undefined identifier
..\HARDWARE\DS18B20.C(68): error C202: 'DQ': undefined identifier
..\HARDWARE\DS18B20.C(79): error C202: 'DQ': undefined identifier
..\HARDWARE\DS18B20.C(81): error C202: 'DQ': undefined identifier
..\HARDWARE\DS18B20.C(83): error C202: 'DQ': undefined identifier
Target not created
Build target 'Target 1'
compiling main.c...
compiling uart.c...
compiling tck_max6675.c...
compiling adc.c...
compiling ds18b20.c...
..\HARDWARE\DS18B20.C(20): error C202: 'DQ': undefined identifier
..\HARDWARE\DS18B20.C(22): error C202: 'DQ': undefined identifier
..\HARDWARE\DS18B20.C(24): error C202: 'DQ': undefined identifier
..\HARDWARE\DS18B20.C(27): error C202: 'DQ': undefined identifier
..\HARDWARE\DS18B20.C(29): error C202: 'DQ': undefined identifier
..\HARDWARE\DS18B20.C(31): error C202: 'DQ': undefined identifier
..\HARDWARE\DS18B20.C(33): error C202: 'DQ': undefined identifier
..\HARDWARE\DS18B20.C(36): error C202: 'DQ': undefined identifier
..\HARDWARE\DS18B20.C(40): error C202: 'DQ': undefined identifier
..\HARDWARE\DS18B20.C(41): error C202: 'DQ': undefined identifier
..\HARDWARE\DS18B20.C(43): error C202: 'DQ': undefined identifier
..\HARDWARE\DS18B20.C(57): error C202: 'DQ': undefined identifier
..\HARDWARE\DS18B20.C(59): error C202: 'DQ': undefined identifier
..\HARDWARE\DS18B20.C(60): error C202: 'DQ': undefined identifier
..\HARDWARE\DS18B20.C(70): error C202: 'DQ': undefined identifier
..\HARDWARE\DS18B20.C(72): error C202: 'DQ': undefined identifier
..\HARDWARE\DS18B20.C(74): error C202: 'DQ': undefined identifier
..\HARDWARE\DS18B20.C(85): error C202: 'DQ': undefined identifier
..\HARDWARE\DS18B20.C(87): error C202: 'DQ': undefined identifier
..\HARDWARE\DS18B20.C(89): error C202: 'DQ': undefined identifier
Target not created
Build target 'Target 1'
compiling main.c...
compiling uart.c...
compiling tck_max6675.c...
compiling adc.c...
compiling ds18b20.c...
..\HARDWARE\DS18B20.C(29): error C202: 'DQ2': undefined identifier
..\HARDWARE\DS18B20.C(31): error C202: 'DQ2': undefined identifier
..\HARDWARE\DS18B20.C(33): error C202: 'DQ2': undefined identifier
..\HARDWARE\DS18B20.C(36): error C202: 'DQ2': undefined identifier
Target not created
Build target 'Target 1'
compiling main.c...
compiling uart.c...
compiling tck_max6675.c...
compiling adc.c...
compiling ds18b20.c...
linking...
*** WARNING L16: UNCALLED SEGMENT, IGNORED FOR OVERLAY PROCESS
    SEGMENT: ?PR?UART_INIT?UART
*** WARNING L16: UNCALLED SEGMENT, IGNORED FOR OVERLAY PROCESS
    SEGMENT: ?PR?_UART_SEND?UART
*** WARNING L16: UNCALLED SEGMENT, IGNORED FOR OVERLAY PROCESS
    SEGMENT: ?PR?TCK_READ_TEMP1?TCK_MAX6675
*** WARNING L16: UNCALLED SEGMENT, IGNORED FOR OVERLAY PROCESS
    SEGMENT: ?PR?TCK_READ_TEMP2?TCK_MAX6675
*** WARNING L16: UNCALLED SEGMENT, IGNORED FOR OVERLAY PROCESS
    SEGMENT: ?PR?ADC_INIT?ADC
*** WARNING L16: UNCALLED SEGMENT, IGNORED FOR OVERLAY PROCESS
    SEGMENT: ?PR?ADC_TRANSFORM?ADC
*** WARNING L16: UNCALLED SEGMENT, IGNORED FOR OVERLAY PROCESS
    SEGMENT: ?PR?DS18B20_READ_BIT1?DS18B20
*** WARNING L16: UNCALLED SEGMENT, IGNORED FOR OVERLAY PROCESS
    SEGMENT: ?PR?DS18B20_READ_2BITS1?DS18B20
*** WARNING L16: UNCALLED SEGMENT, IGNORED FOR OVERLAY PROCESS
    SEGMENT: ?PR?DS18B20_READ_TEMP1?DS18B20
*** WARNING L1: UNRESOLVED EXTERNAL SYMBOL
    SYMBOL:  _UART_RECEIVED
    MODULE:  ..\Outputs\uart.obj (UART)
*** WARNING L2: REFERENCE MADE TO UNRESOLVED EXTERNAL
    SYMBOL:  _UART_RECEIVED
    MODULE:  ..\Outputs\uart.obj (UART)
    ADDRESS: 0338H
Program Size: data=46.0 xdata=0 code=1135
creating hex file from "..\Outputs\TemperatureColl"...
"..\Outputs\TemperatureColl" - 0 Error(s), 11 Warning(s).
Build target 'Target 1'
compiling main.c...
compiling uart.c...
compiling tck_max6675.c...
compiling adc.c...
compiling ds18b20.c...
linking...
*** WARNING L16: UNCALLED SEGMENT, IGNORED FOR OVERLAY PROCESS
    SEGMENT: ?PR?UART_INIT?UART
*** WARNING L16: UNCALLED SEGMENT, IGNORED FOR OVERLAY PROCESS
    SEGMENT: ?PR?_UART_SEND?UART
*** WARNING L16: UNCALLED SEGMENT, IGNORED FOR OVERLAY PROCESS
    SEGMENT: ?PR?TCK_READ_TEMP1?TCK_MAX6675
*** WARNING L16: UNCALLED SEGMENT, IGNORED FOR OVERLAY PROCESS
    SEGMENT: ?PR?TCK_READ_TEMP2?TCK_MAX6675
*** WARNING L16: UNCALLED SEGMENT, IGNORED FOR OVERLAY PROCESS
    SEGMENT: ?PR?ADC_INIT?ADC
*** WARNING L16: UNCALLED SEGMENT, IGNORED FOR OVERLAY PROCESS
    SEGMENT: ?PR?ADC_TRANSFORM?ADC
*** WARNING L16: UNCALLED SEGMENT, IGNORED FOR OVERLAY PROCESS
    SEGMENT: ?PR?DS18B20_READ_BIT1?DS18B20
*** WARNING L16: UNCALLED SEGMENT, IGNORED FOR OVERLAY PROCESS
    SEGMENT: ?PR?DS18B20_READ_BIT2?DS18B20
*** WARNING L16: UNCALLED SEGMENT, IGNORED FOR OVERLAY PROCESS
    SEGMENT: ?PR?DS18B20_READ_2BITS1?DS18B20
*** WARNING L16: UNCALLED SEGMENT, IGNORED FOR OVERLAY PROCESS
    SEGMENT: ?PR?DS18B20_READ_2BITS2?DS18B20
*** WARNING L16: UNCALLED SEGMENT, IGNORED FOR OVERLAY PROCESS
    SEGMENT: ?PR?DS18B20_READ_TEMP1?DS18B20
*** WARNING L16: UNCALLED SEGMENT, IGNORED FOR OVERLAY PROCESS
    SEGMENT: ?PR?DS18B20_READ_TEMP2?DS18B20
*** WARNING L1: UNRESOLVED EXTERNAL SYMBOL
    SYMBOL:  _UART_RECEIVED
    MODULE:  ..\Outputs\uart.obj (UART)
*** WARNING L2: REFERENCE MADE TO UNRESOLVED EXTERNAL
    SYMBOL:  _UART_RECEIVED
    MODULE:  ..\Outputs\uart.obj (UART)
    ADDRESS: 0338H
Program Size: data=46.0 xdata=0 code=1317
creating hex file from "..\Outputs\TemperatureColl"...
"..\Outputs\TemperatureColl" - 0 Error(s), 14 Warning(s).
Build target 'Target 1'
compiling main.c...
compiling uart.c...
compiling tck_max6675.c...
compiling adc.c...
compiling ds18b20.c...
..\HARDWARE\DS18B20.C(179): warning C206: 'ds18b20_init2': missing function-prototype
linking...
*** WARNING L16: UNCALLED SEGMENT, IGNORED FOR OVERLAY PROCESS
    SEGMENT: ?PR?UART_INIT?UART
*** WARNING L16: UNCALLED SEGMENT, IGNORED FOR OVERLAY PROCESS
    SEGMENT: ?PR?_UART_SEND?UART
*** WARNING L16: UNCALLED SEGMENT, IGNORED FOR OVERLAY PROCESS
    SEGMENT: ?PR?TCK_READ_TEMP1?TCK_MAX6675
*** WARNING L16: UNCALLED SEGMENT, IGNORED FOR OVERLAY PROCESS
    SEGMENT: ?PR?TCK_READ_TEMP2?TCK_MAX6675
*** WARNING L16: UNCALLED SEGMENT, IGNORED FOR OVERLAY PROCESS
    SEGMENT: ?PR?ADC_INIT?ADC
*** WARNING L16: UNCALLED SEGMENT, IGNORED FOR OVERLAY PROCESS
    SEGMENT: ?PR?ADC_TRANSFORM?ADC
*** WARNING L16: UNCALLED SEGMENT, IGNORED FOR OVERLAY PROCESS
    SEGMENT: ?PR?DS18B20_READ_BIT1?DS18B20
*** WARNING L16: UNCALLED SEGMENT, IGNORED FOR OVERLAY PROCESS
    SEGMENT: ?PR?DS18B20_READ_BIT2?DS18B20
*** WARNING L16: UNCALLED SEGMENT, IGNORED FOR OVERLAY PROCESS
    SEGMENT: ?PR?DS18B20_READ_2BITS1?DS18B20
*** WARNING L16: UNCALLED SEGMENT, IGNORED FOR OVERLAY PROCESS
    SEGMENT: ?PR?DS18B20_READ_2BITS2?DS18B20
*** WARNING L16: UNCALLED SEGMENT, IGNORED FOR OVERLAY PROCESS
    SEGMENT: ?PR?DS18B20_READ_TEMP1?DS18B20
*** WARNING L16: UNCALLED SEGMENT, IGNORED FOR OVERLAY PROCESS
    SEGMENT: ?PR?DS18B20_READ_TEMP2?DS18B20
*** WARNING L1: UNRESOLVED EXTERNAL SYMBOL
    SYMBOL:  _UART_RECEIVED
    MODULE:  ..\Outputs\uart.obj (UART)
*** WARNING L2: REFERENCE MADE TO UNRESOLVED EXTERNAL
    SYMBOL:  _UART_RECEIVED
    MODULE:  ..\Outputs\uart.obj (UART)
    ADDRESS: 0338H
*** WARNING L1: UNRESOLVED EXTERNAL SYMBOL
    SYMBOL:  DS18B20_INIT2
    MODULE:  ..\Outputs\ds18b20.obj (DS18B20)
*** WARNING L2: REFERENCE MADE TO UNRESOLVED EXTERNAL
    SYMBOL:  DS18B20_INIT2
    MODULE:  ..\Outputs\ds18b20.obj (DS18B20)
    ADDRESS: 0392H
*** WARNING L2: REFERENCE MADE TO UNRESOLVED EXTERNAL
    SYMBOL:  DS18B20_INIT2
    MODULE:  ..\Outputs\ds18b20.obj (DS18B20)
    ADDRESS: 039FH
Program Size: data=46.0 xdata=0 code=1317
creating hex file from "..\Outputs\TemperatureColl"...
"..\Outputs\TemperatureColl" - 0 Error(s), 18 Warning(s).
Build target 'Target 1'
compiling main.c...
compiling uart.c...
compiling tck_max6675.c...
compiling adc.c...
compiling ds18b20.c...
..\HARDWARE\DS18B20.C(158): warning C206: 'ds18b20_init1': missing function-prototype
..\HARDWARE\DS18B20.C(179): warning C206: 'ds18b20_init2': missing function-prototype
linking...
*** WARNING L16: UNCALLED SEGMENT, IGNORED FOR OVERLAY PROCESS
    SEGMENT: ?PR?UART_INIT?UART
*** WARNING L16: UNCALLED SEGMENT, IGNORED FOR OVERLAY PROCESS
    SEGMENT: ?PR?_UART_SEND?UART
*** WARNING L16: UNCALLED SEGMENT, IGNORED FOR OVERLAY PROCESS
    SEGMENT: ?PR?TCK_READ_TEMP1?TCK_MAX6675
*** WARNING L16: UNCALLED SEGMENT, IGNORED FOR OVERLAY PROCESS
    SEGMENT: ?PR?TCK_READ_TEMP2?TCK_MAX6675
*** WARNING L16: UNCALLED SEGMENT, IGNORED FOR OVERLAY PROCESS
    SEGMENT: ?PR?ADC_INIT?ADC
*** WARNING L16: UNCALLED SEGMENT, IGNORED FOR OVERLAY PROCESS
    SEGMENT: ?PR?ADC_TRANSFORM?ADC
*** WARNING L16: UNCALLED SEGMENT, IGNORED FOR OVERLAY PROCESS
    SEGMENT: ?PR?DS18B20_INIT?DS18B20
*** WARNING L16: UNCALLED SEGMENT, IGNORED FOR OVERLAY PROCESS
    SEGMENT: ?PR?DS18B20_READ_BIT1?DS18B20
*** WARNING L16: UNCALLED SEGMENT, IGNORED FOR OVERLAY PROCESS
    SEGMENT: ?PR?DS18B20_READ_BIT2?DS18B20
*** WARNING L16: UNCALLED SEGMENT, IGNORED FOR OVERLAY PROCESS
    SEGMENT: ?PR?DS18B20_READ_2BITS1?DS18B20
*** WARNING L16: UNCALLED SEGMENT, IGNORED FOR OVERLAY PROCESS
    SEGMENT: ?PR?DS18B20_READ_2BITS2?DS18B20
*** WARNING L16: UNCALLED SEGMENT, IGNORED FOR OVERLAY PROCESS
    SEGMENT: ?PR?DS18B20_READ_TEMP1?DS18B20
*** WARNING L16: UNCALLED SEGMENT, IGNORED FOR OVERLAY PROCESS
    SEGMENT: ?PR?DS18B20_READ_TEMP2?DS18B20
*** WARNING L1: UNRESOLVED EXTERNAL SYMBOL
    SYMBOL:  _UART_RECEIVED
    MODULE:  ..\Outputs\uart.obj (UART)
*** WARNING L2: REFERENCE MADE TO UNRESOLVED EXTERNAL
    SYMBOL:  _UART_RECEIVED
    MODULE:  ..\Outputs\uart.obj (UART)
    ADDRESS: 0338H
*** WARNING L1: UNRESOLVED EXTERNAL SYMBOL
    SYMBOL:  DS18B20_INIT1
    MODULE:  ..\Outputs\ds18b20.obj (DS18B20)
*** WARNING L1: UNRESOLVED EXTERNAL SYMBOL
    SYMBOL:  DS18B20_INIT2
    MODULE:  ..\Outputs\ds18b20.obj (DS18B20)
*** WARNING L2: REFERENCE MADE TO UNRESOLVED EXTERNAL
    SYMBOL:  DS18B20_INIT1
    MODULE:  ..\Outputs\ds18b20.obj (DS18B20)
    ADDRESS: 0356H
*** WARNING L2: REFERENCE MADE TO UNRESOLVED EXTERNAL
    SYMBOL:  DS18B20_INIT1
    MODULE:  ..\Outputs\ds18b20.obj (DS18B20)
    ADDRESS: 0363H
*** WARNING L2: REFERENCE MADE TO UNRESOLVED EXTERNAL
    SYMBOL:  DS18B20_INIT2
    MODULE:  ..\Outputs\ds18b20.obj (DS18B20)
    ADDRESS: 0392H
*** WARNING L2: REFERENCE MADE TO UNRESOLVED EXTERNAL
    SYMBOL:  DS18B20_INIT2
    MODULE:  ..\Outputs\ds18b20.obj (DS18B20)
    ADDRESS: 039FH
Program Size: data=46.0 xdata=0 code=1317
creating hex file from "..\Outputs\TemperatureColl"...
"..\Outputs\TemperatureColl" - 0 Error(s), 23 Warning(s).
Build target 'Target 1'
compiling main.c...
compiling uart.c...
compiling tck_max6675.c...
compiling adc.c...
compiling ds18b20.c...
linking...
*** WARNING L16: UNCALLED SEGMENT, IGNORED FOR OVERLAY PROCESS
    SEGMENT: ?PR?UART_INIT?UART
*** WARNING L16: UNCALLED SEGMENT, IGNORED FOR OVERLAY PROCESS
    SEGMENT: ?PR?_UART_SEND?UART
*** WARNING L16: UNCALLED SEGMENT, IGNORED FOR OVERLAY PROCESS
    SEGMENT: ?PR?TCK_READ_TEMP1?TCK_MAX6675
*** WARNING L16: UNCALLED SEGMENT, IGNORED FOR OVERLAY PROCESS
    SEGMENT: ?PR?TCK_READ_TEMP2?TCK_MAX6675
*** WARNING L16: UNCALLED SEGMENT, IGNORED FOR OVERLAY PROCESS
    SEGMENT: ?PR?ADC_INIT?ADC
*** WARNING L16: UNCALLED SEGMENT, IGNORED FOR OVERLAY PROCESS
    SEGMENT: ?PR?ADC_TRANSFORM?ADC
*** WARNING L16: UNCALLED SEGMENT, IGNORED FOR OVERLAY PROCESS
    SEGMENT: ?PR?DS18B20_READ_BIT1?DS18B20
*** WARNING L16: UNCALLED SEGMENT, IGNORED FOR OVERLAY PROCESS
    SEGMENT: ?PR?DS18B20_READ_BIT2?DS18B20
*** WARNING L16: UNCALLED SEGMENT, IGNORED FOR OVERLAY PROCESS
    SEGMENT: ?PR?DS18B20_READ_2BITS1?DS18B20
*** WARNING L16: UNCALLED SEGMENT, IGNORED FOR OVERLAY PROCESS
    SEGMENT: ?PR?DS18B20_READ_2BITS2?DS18B20
*** WARNING L16: UNCALLED SEGMENT, IGNORED FOR OVERLAY PROCESS
    SEGMENT: ?PR?DS18B20_READ_TEMP1?DS18B20
*** WARNING L16: UNCALLED SEGMENT, IGNORED FOR OVERLAY PROCESS
    SEGMENT: ?PR?DS18B20_READ_TEMP2?DS18B20
*** WARNING L1: UNRESOLVED EXTERNAL SYMBOL
    SYMBOL:  _UART_RECEIVED
    MODULE:  ..\Outputs\uart.obj (UART)
*** WARNING L2: REFERENCE MADE TO UNRESOLVED EXTERNAL
    SYMBOL:  _UART_RECEIVED
    MODULE:  ..\Outputs\uart.obj (UART)
    ADDRESS: 0338H
Program Size: data=46.0 xdata=0 code=1318
creating hex file from "..\Outputs\TemperatureColl"...
"..\Outputs\TemperatureColl" - 0 Error(s), 14 Warning(s).
Build target 'Target 1'
compiling main.c...
..\USER\MAIN.C(10): warning C206: 'uart_init': missing function-prototype
..\USER\MAIN.C(20): error C202: 'ds1': undefined identifier
compiling uart.c...
compiling tck_max6675.c...
compiling adc.c...
compiling ds18b20.c...
Target not created
Build target 'Target 1'
compiling main.c...
..\USER\MAIN.C(21): error C202: 'ds1': undefined identifier
compiling uart.c...
compiling tck_max6675.c...
compiling adc.c...
compiling ds18b20.c...
Target not created
Build target 'Target 1'
compiling main.c...
compiling uart.c...
compiling tck_max6675.c...
compiling adc.c...
compiling ds18b20.c...
linking...
*** WARNING L16: UNCALLED SEGMENT, IGNORED FOR OVERLAY PROCESS
    SEGMENT: ?PR?ADC_INIT?ADC
*** WARNING L16: UNCALLED SEGMENT, IGNORED FOR OVERLAY PROCESS
    SEGMENT: ?PR?ADC_TRANSFORM?ADC
*** WARNING L16: UNCALLED SEGMENT, IGNORED FOR OVERLAY PROCESS
    SEGMENT: ?PR?DS18B20_READ_BIT1?DS18B20
*** WARNING L16: UNCALLED SEGMENT, IGNORED FOR OVERLAY PROCESS
    SEGMENT: ?PR?DS18B20_READ_BIT2?DS18B20
*** WARNING L16: UNCALLED SEGMENT, IGNORED FOR OVERLAY PROCESS
    SEGMENT: ?PR?DS18B20_READ_2BITS1?DS18B20
*** WARNING L16: UNCALLED SEGMENT, IGNORED FOR OVERLAY PROCESS
    SEGMENT: ?PR?DS18B20_READ_2BITS2?DS18B20
Program Size: data=46.0 xdata=0 code=1358
creating hex file from "..\Outputs\TemperatureColl"...
"..\Outputs\TemperatureColl" - 0 Error(s), 6 Warning(s).
