<html>
<body>
<pre>
<h1>Vision Build Log</h1>
<h2>Project:</h2>
E:\毕业设计相关\K型热电偶测温(2路)\Keil\Project\TCK_Temper2Road.uvproj
Project File Date:  03/12/2018

<h2>Output:</h2>
Build target 'Target 1'
compiling main.c...
..\User\main.c(2): warning C318: can't open file 'uart.h'
linking...
*** WARNING L10: CANNOT DETERMINE ROOT SEGMENT
Program Size: data=0.0 xdata=0 code=0
"TCK_Temper2Road" - 0 Error(s), 2 Warning(s).
Build target 'Target 1'
compiling main.c...
..\User\main.c(2): warning C318: can't open file 'uart.h'
compiling tck_max6675.c...
..\HARDWARE\TCK_MAX6675.H(4): error C129: missing ';' before 'tck_read_temp1'
Target not created
Build target 'Target 1'
compiling main.c...
..\User\main.c(2): warning C318: can't open file 'uart.h'
compiling tck_max6675.c...
..\HARDWARE\TCK_MAX6675.H(4): error C129: missing ';' before 'tck_read_temp1'
Target not created
Build target 'Target 1'
compiling main.c...
compiling tck_max6675.c...
..\HARDWARE\TCK_MAX6675.H(4): error C129: missing ';' before 'tck_read_temp1'
Target not created
Build target 'Target 1'
compiling main.c...
compiling tck_max6675.c...
..\HARDWARE\TCK_MAX6675.C(3): error C202: 'P2': undefined identifier
..\HARDWARE\TCK_MAX6675.C(4): error C202: 'P2': undefined identifier
..\HARDWARE\TCK_MAX6675.C(5): error C202: 'P2': undefined identifier
..\HARDWARE\TCK_MAX6675.C(6): error C202: 'P2': undefined identifier
..\HARDWARE\TCK_MAX6675.C(7): error C202: 'P2': undefined identifier
..\HARDWARE\TCK_MAX6675.C(8): error C202: 'P2': undefined identifier
..\HARDWARE\TCK_MAX6675.C(14): error C202: 'CS1': undefined identifier
Target not created
Build target 'Target 1'
compiling main.c...
compiling tck_max6675.c...
..\HARDWARE\TCK_MAX6675.C(16): warning C206: '_nop_': missing function-prototype
..\HARDWARE\TCK_MAX6675.C(16): error C264: intrinsic '_nop_': declaration/activation error
..\HARDWARE\TCK_MAX6675.C(34): error C202: 'COLD_TEMPERATURE': undefined identifier
Target not created
Build target 'Target 1'
compiling main.c...
compiling tck_max6675.c...
..\HARDWARE\TCK_MAX6675.C(35): error C202: 'COLD_TEMPERATURE': undefined identifier
Target not created
Build target 'Target 1'
compiling main.c...
compiling tck_max6675.c...
linking...
*** WARNING L16: UNCALLED SEGMENT, IGNORED FOR OVERLAY PROCESS
    SEGMENT: ?PR?TCK_READ_TEMP1?TCK_MAX6675
*** WARNING L10: CANNOT DETERMINE ROOT SEGMENT
Program Size: data=8.0 xdata=0 code=71
creating hex file from "..\Outputs\TCK_Temper2Road"...
"..\Outputs\TCK_Temper2Road" - 0 Error(s), 2 Warning(s).
Build target 'Target 1'
compiling main.c...
compiling tck_max6675.c...
linking...
*** WARNING L16: UNCALLED SEGMENT, IGNORED FOR OVERLAY PROCESS
    SEGMENT: ?PR?TCK_READ_TEMP1?TCK_MAX6675
*** WARNING L16: UNCALLED SEGMENT, IGNORED FOR OVERLAY PROCESS
    SEGMENT: ?PR?TCK_READ_TEMP2?TCK_MAX6675
*** WARNING L10: CANNOT DETERMINE ROOT SEGMENT
Program Size: data=8.0 xdata=0 code=142
creating hex file from "..\Outputs\TCK_Temper2Road"...
"..\Outputs\TCK_Temper2Road" - 0 Error(s), 3 Warning(s).
Build target 'Target 1'
compiling main.c...
compiling tck_max6675.c...
linking...
*** WARNING L16: UNCALLED SEGMENT, IGNORED FOR OVERLAY PROCESS
    SEGMENT: ?PR?TCK_READ_TEMP1?TCK_MAX6675
*** WARNING L16: UNCALLED SEGMENT, IGNORED FOR OVERLAY PROCESS
    SEGMENT: ?PR?TCK_READ_TEMP2?TCK_MAX6675
*** WARNING L10: CANNOT DETERMINE ROOT SEGMENT
Program Size: data=8.0 xdata=0 code=142
creating hex file from "..\Outputs\TCK_Temper2Road"...
"..\Outputs\TCK_Temper2Road" - 0 Error(s), 3 Warning(s).
Build target 'Target 1'
compiling main.c...
compiling tck_max6675.c...
compiling uart.c...
linking...
*** WARNING L16: UNCALLED SEGMENT, IGNORED FOR OVERLAY PROCESS
    SEGMENT: ?PR?TCK_READ_TEMP1?TCK_MAX6675
*** WARNING L16: UNCALLED SEGMENT, IGNORED FOR OVERLAY PROCESS
    SEGMENT: ?PR?TCK_READ_TEMP2?TCK_MAX6675
*** WARNING L16: UNCALLED SEGMENT, IGNORED FOR OVERLAY PROCESS
    SEGMENT: ?PR?UART_INIT?UART
*** WARNING L16: UNCALLED SEGMENT, IGNORED FOR OVERLAY PROCESS
    SEGMENT: ?PR?_UART_SEND?UART
*** WARNING L1: UNRESOLVED EXTERNAL SYMBOL
    SYMBOL:  _UART_RECEIVED
    MODULE:  ..\Outputs\uart.obj (UART)
*** WARNING L2: REFERENCE MADE TO UNRESOLVED EXTERNAL
    SYMBOL:  _UART_RECEIVED
    MODULE:  ..\Outputs\uart.obj (UART)
    ADDRESS: 00D9H
Program Size: data=8.0 xdata=0 code=238
creating hex file from "..\Outputs\TCK_Temper2Road"...
"..\Outputs\TCK_Temper2Road" - 0 Error(s), 6 Warning(s).
Build target 'Target 1'
compiling main.c...
compiling tck_max6675.c...
compiling uart.c...
linking...
*** WARNING L16: UNCALLED SEGMENT, IGNORED FOR OVERLAY PROCESS
    SEGMENT: ?PR?TCK_READ_TEMP1?TCK_MAX6675
*** WARNING L16: UNCALLED SEGMENT, IGNORED FOR OVERLAY PROCESS
    SEGMENT: ?PR?TCK_READ_TEMP2?TCK_MAX6675
*** WARNING L16: UNCALLED SEGMENT, IGNORED FOR OVERLAY PROCESS
    SEGMENT: ?PR?UART_INIT?UART
*** WARNING L16: UNCALLED SEGMENT, IGNORED FOR OVERLAY PROCESS
    SEGMENT: ?PR?_UART_SEND?UART
*** WARNING L1: UNRESOLVED EXTERNAL SYMBOL
    SYMBOL:  _UART_RECEIVED
    MODULE:  ..\Outputs\uart.obj (UART)
*** WARNING L2: REFERENCE MADE TO UNRESOLVED EXTERNAL
    SYMBOL:  _UART_RECEIVED
    MODULE:  ..\Outputs\uart.obj (UART)
    ADDRESS: 00D9H
Program Size: data=9.0 xdata=0 code=254
creating hex file from "..\Outputs\TCK_Temper2Road"...
"..\Outputs\TCK_Temper2Road" - 0 Error(s), 6 Warning(s).
Build target 'Target 1'
compiling main.c...
..\USER\MAIN.C(19): warning C206: 'tck_read_temp1': missing function-prototype
..\USER\MAIN.C(21): warning C206: 'tck_read_temp2': missing function-prototype
..\USER\MAIN.C(29): warning C280: 'dat': unreferenced local variable
compiling tck_max6675.c...
compiling uart.c...
linking...
*** WARNING L16: UNCALLED SEGMENT, IGNORED FOR OVERLAY PROCESS
    SEGMENT: ?PR?DELAY?MAIN
*** WARNING L16: UNCALLED SEGMENT, IGNORED FOR OVERLAY PROCESS
    SEGMENT: ?PR?UART_INIT?UART
Program Size: data=12.0 xdata=0 code=440
creating hex file from "..\Outputs\TCK_Temper2Road"...
"..\Outputs\TCK_Temper2Road" - 0 Error(s), 5 Warning(s).
Build target 'Target 1'
compiling main.c...
..\USER\MAIN.C(19): warning C206: 'tck_read_temp1': missing function-prototype
..\USER\MAIN.C(21): warning C206: 'tck_read_temp2': missing function-prototype
compiling tck_max6675.c...
compiling uart.c...
linking...
*** WARNING L16: UNCALLED SEGMENT, IGNORED FOR OVERLAY PROCESS
    SEGMENT: ?PR?DELAY?MAIN
*** WARNING L16: UNCALLED SEGMENT, IGNORED FOR OVERLAY PROCESS
    SEGMENT: ?PR?UART_INIT?UART
Program Size: data=11.0 xdata=0 code=454
creating hex file from "..\Outputs\TCK_Temper2Road"...
"..\Outputs\TCK_Temper2Road" - 0 Error(s), 4 Warning(s).
Build target 'Target 1'
compiling main.c...
compiling tck_max6675.c...
compiling uart.c...
linking...
*** WARNING L16: UNCALLED SEGMENT, IGNORED FOR OVERLAY PROCESS
    SEGMENT: ?PR?DELAY?MAIN
*** WARNING L16: UNCALLED SEGMENT, IGNORED FOR OVERLAY PROCESS
    SEGMENT: ?PR?UART_INIT?UART
Program Size: data=11.0 xdata=0 code=454
creating hex file from "..\Outputs\TCK_Temper2Road"...
"..\Outputs\TCK_Temper2Road" - 0 Error(s), 2 Warning(s).
Build target 'Target 1'
compiling main.c...
compiling tck_max6675.c...
compiling uart.c...
linking...
*** WARNING L16: UNCALLED SEGMENT, IGNORED FOR OVERLAY PROCESS
    SEGMENT: ?PR?DELAY?MAIN
Program Size: data=11.0 xdata=0 code=457
creating hex file from "..\Outputs\TCK_Temper2Road"...
"..\Outputs\TCK_Temper2Road" - 0 Error(s), 1 Warning(s).
Build target 'Target 1'
compiling main.c...
compiling tck_max6675.c...
compiling uart.c...
linking...
Program Size: data=11.0 xdata=0 code=457
creating hex file from "..\Outputs\TCK_Temper2Road"...
"..\Outputs\TCK_Temper2Road" - 0 Error(s), 0 Warning(s).
Build target 'Target 1'
compiling main.c...
compiling tck_max6675.c...
compiling uart.c...
linking...
Program Size: data=11.0 xdata=0 code=457
creating hex file from "..\Outputs\TCK_Temper2Road"...
"..\Outputs\TCK_Temper2Road" - 0 Error(s), 0 Warning(s).
Build target 'Target 1'
compiling main.c...
compiling tck_max6675.c...
compiling uart.c...
linking...
Program Size: data=11.0 xdata=0 code=457
creating hex file from "..\Outputs\TCK_Temper2Road"...
"..\Outputs\TCK_Temper2Road" - 0 Error(s), 0 Warning(s).
Build target 'Target 1'
compiling main.c...
compiling tck_max6675.c...
compiling uart.c...
linking...
Program Size: data=11.0 xdata=0 code=460
creating hex file from "..\Outputs\TCK_Temper2Road"...
"..\Outputs\TCK_Temper2Road" - 0 Error(s), 0 Warning(s).
Build target 'Target 1'
compiling main.c...
compiling tck_max6675.c...
compiling uart.c...
linking...
Program Size: data=11.0 xdata=0 code=460
creating hex file from "..\Outputs\TCK_Temper2Road"...
"..\Outputs\TCK_Temper2Road" - 0 Error(s), 0 Warning(s).
