<html>
<body>
<pre>
<h1>Vision Build Log</h1>
<h2>Project:</h2>
E:\毕业设计相关\舵机使用程序\Keil\Project\SteeringEngine.uvproj
Project File Date:  03/19/2018

<h2>Output:</h2>
Build target 'Target 1'
compiling main.c...
linking...
Program Size: data=9.0 xdata=0 code=16
creating hex file from "..\Outputs\SteeringEngine"...
"..\Outputs\SteeringEngine" - 0 Error(s), 0 Warning(s).
Build target 'Target 1'
compiling main.c...
linking...
Program Size: data=9.0 xdata=0 code=37
creating hex file from "..\Outputs\SteeringEngine"...
"..\Outputs\SteeringEngine" - 0 Error(s), 0 Warning(s).
Build target 'Target 1'
compiling main.c...
linking...
Program Size: data=9.0 xdata=0 code=40
creating hex file from "..\Outputs\SteeringEngine"...
"..\Outputs\SteeringEngine" - 0 Error(s), 0 Warning(s).
Build target 'Target 1'
compiling main.c...
linking...
Program Size: data=9.0 xdata=0 code=41
creating hex file from "..\Outputs\SteeringEngine"...
"..\Outputs\SteeringEngine" - 0 Error(s), 0 Warning(s).
Build target 'Target 1'
compiling main.c...
..\USER\MAIN.C(11): warning C206: '_nop_': missing function-prototype
..\USER\MAIN.C(11): error C264: intrinsic '_nop_': declaration/activation error
Target not created
Build target 'Target 1'
compiling main.c...
linking...
Program Size: data=9.0 xdata=0 code=42
creating hex file from "..\Outputs\SteeringEngine"...
"..\Outputs\SteeringEngine" - 0 Error(s), 0 Warning(s).
Build target 'Target 1'
compiling main.c...
linking...
Program Size: data=9.0 xdata=0 code=42
creating hex file from "..\Outputs\SteeringEngine"...
"..\Outputs\SteeringEngine" - 0 Error(s), 0 Warning(s).
Build target 'Target 1'
compiling main.c...
linking...
Program Size: data=9.0 xdata=0 code=37
creating hex file from "..\Outputs\SteeringEngine"...
"..\Outputs\SteeringEngine" - 0 Error(s), 0 Warning(s).
Build target 'Target 1'
compiling main.c...
linking...
Program Size: data=9.1 xdata=0 code=94
creating hex file from "..\Outputs\SteeringEngine"...
"..\Outputs\SteeringEngine" - 0 Error(s), 0 Warning(s).
Build target 'Target 1'
compiling main.c...
linking...
Program Size: data=9.1 xdata=0 code=94
creating hex file from "..\Outputs\SteeringEngine"...
"..\Outputs\SteeringEngine" - 0 Error(s), 0 Warning(s).
Build target 'Target 1'
compiling main.c...
linking...
Program Size: data=9.1 xdata=0 code=94
creating hex file from "..\Outputs\SteeringEngine"...
"..\Outputs\SteeringEngine" - 0 Error(s), 0 Warning(s).
Build target 'Target 1'
compiling main.c...
linking...
Program Size: data=9.1 xdata=0 code=94
creating hex file from "..\Outputs\SteeringEngine"...
"..\Outputs\SteeringEngine" - 0 Error(s), 0 Warning(s).
Build target 'Target 1'
compiling main.c...
linking...
*** WARNING L16: UNCALLED SEGMENT, IGNORED FOR OVERLAY PROCESS
    SEGMENT: ?PR?DELAY500US?MAIN
Program Size: data=9.1 xdata=0 code=86
creating hex file from "..\Outputs\SteeringEngine"...
"..\Outputs\SteeringEngine" - 0 Error(s), 1 Warning(s).
Build target 'Target 1'
compiling main.c...
linking...
Program Size: data=10.1 xdata=0 code=114
creating hex file from "..\Outputs\SteeringEngine"...
"..\Outputs\SteeringEngine" - 0 Error(s), 0 Warning(s).
Build target 'Target 1'
compiling main.c...
linking...
Program Size: data=10.1 xdata=0 code=114
creating hex file from "..\Outputs\SteeringEngine"...
"..\Outputs\SteeringEngine" - 0 Error(s), 0 Warning(s).
Build target 'Target 1'
compiling main.c...
linking...
*** WARNING L16: UNCALLED SEGMENT, IGNORED FOR OVERLAY PROCESS
    SEGMENT: ?PR?DELAY2MS500US?MAIN
*** WARNING L16: UNCALLED SEGMENT, IGNORED FOR OVERLAY PROCESS
    SEGMENT: ?PR?DELAY500US?MAIN
Program Size: data=10.1 xdata=0 code=92
creating hex file from "..\Outputs\SteeringEngine"...
"..\Outputs\SteeringEngine" - 0 Error(s), 2 Warning(s).
Build target 'Target 1'
compiling main.c...
linking...
Program Size: data=10.1 xdata=0 code=114
creating hex file from "..\Outputs\SteeringEngine"...
"..\Outputs\SteeringEngine" - 0 Error(s), 0 Warning(s).
Build target 'Target 1'
compiling main.c...
linking...
*** WARNING L16: UNCALLED SEGMENT, IGNORED FOR OVERLAY PROCESS
    SEGMENT: ?PR?DELAY500US?MAIN
Program Size: data=10.1 xdata=0 code=101
creating hex file from "..\Outputs\SteeringEngine"...
"..\Outputs\SteeringEngine" - 0 Error(s), 1 Warning(s).
Build target 'Target 1'
compiling main.c...
..\USER\MAIN.C(34): warning C206: 'delay2ms500us': missing function-prototype
linking...
*** WARNING L1: UNRESOLVED EXTERNAL SYMBOL
    SYMBOL:  DELAY2MS500US
    MODULE:  ..\Outputs\main.obj (MAIN)
*** WARNING L2: REFERENCE MADE TO UNRESOLVED EXTERNAL
    SYMBOL:  DELAY2MS500US
    MODULE:  ..\Outputs\main.obj (MAIN)
    ADDRESS: 0043H
Program Size: data=10.1 xdata=0 code=121
creating hex file from "..\Outputs\SteeringEngine"...
"..\Outputs\SteeringEngine" - 0 Error(s), 3 Warning(s).
Build target 'Target 1'
compiling main.c...
linking...
Program Size: data=10.1 xdata=0 code=74
creating hex file from "..\Outputs\SteeringEngine"...
"..\Outputs\SteeringEngine" - 0 Error(s), 0 Warning(s).
Build target 'Target 1'
compiling main.c...
linking...
Program Size: data=10.1 xdata=0 code=76
creating hex file from "..\Outputs\SteeringEngine"...
"..\Outputs\SteeringEngine" - 0 Error(s), 0 Warning(s).
Build target 'Target 1'
compiling main.c...
linking...
Program Size: data=10.1 xdata=0 code=86
creating hex file from "..\Outputs\SteeringEngine"...
"..\Outputs\SteeringEngine" - 0 Error(s), 0 Warning(s).
Build target 'Target 1'
compiling main.c...
linking...
Program Size: data=10.1 xdata=0 code=86
creating hex file from "..\Outputs\SteeringEngine"...
"..\Outputs\SteeringEngine" - 0 Error(s), 0 Warning(s).
Build target 'Target 1'
compiling main.c...
linking...
Program Size: data=10.1 xdata=0 code=86
creating hex file from "..\Outputs\SteeringEngine"...
"..\Outputs\SteeringEngine" - 0 Error(s), 0 Warning(s).
Build target 'Target 1'
compiling main.c...
linking...
Program Size: data=10.1 xdata=0 code=85
creating hex file from "..\Outputs\SteeringEngine"...
"..\Outputs\SteeringEngine" - 0 Error(s), 0 Warning(s).
Build target 'Target 1'
compiling main.c...
linking...
Program Size: data=10.1 xdata=0 code=85
creating hex file from "..\Outputs\SteeringEngine"...
"..\Outputs\SteeringEngine" - 0 Error(s), 0 Warning(s).
Build target 'Target 1'
compiling main.c...
linking...
Program Size: data=10.1 xdata=0 code=99
creating hex file from "..\Outputs\SteeringEngine"...
"..\Outputs\SteeringEngine" - 0 Error(s), 0 Warning(s).
Build target 'Target 1'
compiling main.c...
linking...
Program Size: data=10.1 xdata=0 code=99
creating hex file from "..\Outputs\SteeringEngine"...
"..\Outputs\SteeringEngine" - 0 Error(s), 0 Warning(s).
Build target 'Target 1'
compiling main.c...
linking...
Program Size: data=10.1 xdata=0 code=105
creating hex file from "..\Outputs\SteeringEngine"...
"..\Outputs\SteeringEngine" - 0 Error(s), 0 Warning(s).
Build target 'Target 1'
compiling main.c...
linking...
Program Size: data=10.1 xdata=0 code=105
creating hex file from "..\Outputs\SteeringEngine"...
"..\Outputs\SteeringEngine" - 0 Error(s), 0 Warning(s).
Build target 'Target 1'
compiling main.c...
linking...
Program Size: data=10.1 xdata=0 code=105
creating hex file from "..\Outputs\SteeringEngine"...
"..\Outputs\SteeringEngine" - 0 Error(s), 0 Warning(s).
Build target 'Target 1'
compiling main.c...
linking...
Program Size: data=10.1 xdata=0 code=105
creating hex file from "..\Outputs\SteeringEngine"...
"..\Outputs\SteeringEngine" - 0 Error(s), 0 Warning(s).
Build target 'Target 1'
compiling main.c...
..\USER\MAIN.C(49): error C141: syntax error near 'if'
..\USER\MAIN.C(49): error C141: syntax error near '++', expected ')'
..\USER\MAIN.C(50): error C231: 'count': redefinition
..\USER\MAIN.C(52): error C141: syntax error near '}'
Target not created
Build target 'Target 1'
compiling main.c...
linking...
Program Size: data=10.1 xdata=0 code=105
creating hex file from "..\Outputs\SteeringEngine"...
"..\Outputs\SteeringEngine" - 0 Error(s), 0 Warning(s).
Build target 'Target 1'
compiling main.c...
linking...
Program Size: data=10.1 xdata=0 code=105
creating hex file from "..\Outputs\SteeringEngine"...
"..\Outputs\SteeringEngine" - 0 Error(s), 0 Warning(s).
