<html>
<body>
<pre>
<h1>Vision Build Log</h1>
<h2>Project:</h2>
E:\毕业设计相关\设计 -- 家用电器的远程控制系统\Keil\Project\SmartHome.uvproj
Project File Date:  05/23/2018

<h2>Output:</h2>
Build target 'Target 1'
compiling main.c...
..\USER\MAIN.C(38): error C202: 'led_bedroom': undefined identifier
compiling uart.c...
Target not created
Build target 'Target 1'
compiling main.c...
..\USER\MAIN.C(31): warning C280: 'lightness': unreferenced local variable
compiling uart.c...
linking...
*** WARNING L16: UNCALLED SEGMENT, IGNORED FOR OVERLAY PROCESS
    SEGMENT: ?PR?_UART_SEND?UART
Program Size: data=12.0 xdata=0 code=341
creating hex file from "..\Outputs\SmartHome"...
"..\Outputs\SmartHome" - 0 Error(s), 2 Warning(s).
Build target 'Target 1'
compiling main.c...
compiling uart.c...
linking...
*** WARNING L16: UNCALLED SEGMENT, IGNORED FOR OVERLAY PROCESS
    SEGMENT: ?PR?_UART_SEND?UART
Program Size: data=11.0 xdata=0 code=341
creating hex file from "..\Outputs\SmartHome"...
"..\Outputs\SmartHome" - 0 Error(s), 1 Warning(s).
Build target 'Target 1'
compiling main.c...
compiling uart.c...
linking...
*** WARNING L16: UNCALLED SEGMENT, IGNORED FOR OVERLAY PROCESS
    SEGMENT: ?PR?_UART_SEND?UART
Program Size: data=11.0 xdata=0 code=343
creating hex file from "..\Outputs\SmartHome"...
"..\Outputs\SmartHome" - 0 Error(s), 1 Warning(s).
Build target 'Target 1'
compiling main.c...
compiling uart.c...
linking...
*** WARNING L16: UNCALLED SEGMENT, IGNORED FOR OVERLAY PROCESS
    SEGMENT: ?PR?_UART_SEND?UART
Program Size: data=11.0 xdata=0 code=343
creating hex file from "..\Outputs\SmartHome"...
"..\Outputs\SmartHome" - 0 Error(s), 1 Warning(s).
Build target 'Target 1'
compiling main.c...
compiling uart.c...
linking...
*** WARNING L16: UNCALLED SEGMENT, IGNORED FOR OVERLAY PROCESS
    SEGMENT: ?PR?_UART_SEND?UART
Program Size: data=11.0 xdata=0 code=346
creating hex file from "..\Outputs\SmartHome"...
"..\Outputs\SmartHome" - 0 Error(s), 1 Warning(s).
Build target 'Target 1'
compiling main.c...
compiling uart.c...
linking...
*** WARNING L16: UNCALLED SEGMENT, IGNORED FOR OVERLAY PROCESS
    SEGMENT: ?PR?_UART_SEND?UART
Program Size: data=11.0 xdata=0 code=347
creating hex file from "..\Outputs\SmartHome"...
"..\Outputs\SmartHome" - 0 Error(s), 1 Warning(s).
Build target 'Target 1'
compiling main.c...
compiling uart.c...
linking...
*** WARNING L16: UNCALLED SEGMENT, IGNORED FOR OVERLAY PROCESS
    SEGMENT: ?PR?_UART_SEND?UART
Program Size: data=11.0 xdata=0 code=347
creating hex file from "..\Outputs\SmartHome"...
"..\Outputs\SmartHome" - 0 Error(s), 1 Warning(s).
Build target 'Target 1'
compiling main.c...
compiling uart.c...
linking...
*** WARNING L16: UNCALLED SEGMENT, IGNORED FOR OVERLAY PROCESS
    SEGMENT: ?PR?_UART_SEND?UART
Program Size: data=11.0 xdata=0 code=345
creating hex file from "..\Outputs\SmartHome"...
"..\Outputs\SmartHome" - 0 Error(s), 1 Warning(s).
Build target 'Target 1'
compiling main.c...
compiling uart.c...
linking...
*** WARNING L16: UNCALLED SEGMENT, IGNORED FOR OVERLAY PROCESS
    SEGMENT: ?PR?_UART_SEND?UART
Program Size: data=11.0 xdata=0 code=345
creating hex file from "..\Outputs\SmartHome"...
"..\Outputs\SmartHome" - 0 Error(s), 1 Warning(s).
Build target 'Target 1'
compiling main.c...
..\USER\MAIN.C(41): error C202: 'rate': undefined identifier
compiling uart.c...
Target not created
Build target 'Target 1'
compiling main.c...
..\USER\MAIN.C(33): error C202: 'rate': undefined identifier
..\USER\MAIN.C(40): error C202: 'rate': undefined identifier
compiling uart.c...
Target not created
Build target 'Target 1'
compiling main.c...
..\USER\MAIN.C(11): error C251: illegal octal digit
compiling uart.c...
Target not created
Build target 'Target 1'
compiling main.c...
compiling uart.c...
linking...
*** WARNING L16: UNCALLED SEGMENT, IGNORED FOR OVERLAY PROCESS
    SEGMENT: ?PR?_UART_SEND?UART
Program Size: data=15.0 xdata=0 code=987
creating hex file from "..\Outputs\SmartHome"...
"..\Outputs\SmartHome" - 0 Error(s), 1 Warning(s).
Build target 'Target 1'
compiling main.c...
compiling uart.c...
linking...
*** WARNING L16: UNCALLED SEGMENT, IGNORED FOR OVERLAY PROCESS
    SEGMENT: ?PR?_UART_SEND?UART
Program Size: data=15.0 xdata=0 code=987
creating hex file from "..\Outputs\SmartHome"...
"..\Outputs\SmartHome" - 0 Error(s), 1 Warning(s).
Build target 'Target 1'
compiling main.c...
compiling uart.c...
linking...
*** WARNING L16: UNCALLED SEGMENT, IGNORED FOR OVERLAY PROCESS
    SEGMENT: ?PR?_UART_SEND?UART
Program Size: data=15.0 xdata=0 code=987
creating hex file from "..\Outputs\SmartHome"...
"..\Outputs\SmartHome" - 0 Error(s), 1 Warning(s).
Build target 'Target 1'
compiling main.c...
compiling uart.c...
linking...
*** WARNING L16: UNCALLED SEGMENT, IGNORED FOR OVERLAY PROCESS
    SEGMENT: ?PR?_UART_SEND?UART
Program Size: data=15.0 xdata=0 code=987
creating hex file from "..\Outputs\SmartHome"...
"..\Outputs\SmartHome" - 0 Error(s), 1 Warning(s).
Build target 'Target 1'
compiling main.c...
compiling uart.c...
linking...
*** WARNING L16: UNCALLED SEGMENT, IGNORED FOR OVERLAY PROCESS
    SEGMENT: ?PR?_UART_SEND?UART
Program Size: data=15.0 xdata=0 code=987
creating hex file from "..\Outputs\SmartHome"...
"..\Outputs\SmartHome" - 0 Error(s), 1 Warning(s).
Build target 'Target 1'
compiling main.c...
compiling uart.c...
linking...
*** WARNING L16: UNCALLED SEGMENT, IGNORED FOR OVERLAY PROCESS
    SEGMENT: ?PR?_UART_SEND?UART
Program Size: data=15.0 xdata=0 code=448
creating hex file from "..\Outputs\SmartHome"...
"..\Outputs\SmartHome" - 0 Error(s), 1 Warning(s).
Build target 'Target 1'
compiling main.c...
compiling uart.c...
linking...
*** WARNING L16: UNCALLED SEGMENT, IGNORED FOR OVERLAY PROCESS
    SEGMENT: ?PR?_UART_SEND?UART
Program Size: data=15.0 xdata=0 code=987
creating hex file from "..\Outputs\SmartHome"...
"..\Outputs\SmartHome" - 0 Error(s), 1 Warning(s).
Build target 'Target 1'
compiling main.c...
compiling uart.c...
linking...
*** WARNING L16: UNCALLED SEGMENT, IGNORED FOR OVERLAY PROCESS
    SEGMENT: ?PR?_UART_SEND?UART
Program Size: data=15.0 xdata=0 code=987
creating hex file from "..\Outputs\SmartHome"...
"..\Outputs\SmartHome" - 0 Error(s), 1 Warning(s).
Build target 'Target 1'
compiling main.c...
compiling uart.c...
linking...
*** WARNING L16: UNCALLED SEGMENT, IGNORED FOR OVERLAY PROCESS
    SEGMENT: ?PR?_UART_SEND?UART
Program Size: data=15.0 xdata=0 code=989
creating hex file from "..\Outputs\SmartHome"...
"..\Outputs\SmartHome" - 0 Error(s), 1 Warning(s).
Build target 'Target 1'
compiling main.c...
compiling uart.c...
linking...
*** WARNING L16: UNCALLED SEGMENT, IGNORED FOR OVERLAY PROCESS
    SEGMENT: ?PR?_UART_SEND?UART
Program Size: data=15.0 xdata=0 code=989
creating hex file from "..\Outputs\SmartHome"...
"..\Outputs\SmartHome" - 0 Error(s), 1 Warning(s).
Build target 'Target 1'
compiling main.c...
compiling uart.c...
linking...
*** WARNING L16: UNCALLED SEGMENT, IGNORED FOR OVERLAY PROCESS
    SEGMENT: ?PR?_UART_SEND?UART
Program Size: data=15.0 xdata=0 code=1153
creating hex file from "..\Outputs\SmartHome"...
"..\Outputs\SmartHome" - 0 Error(s), 1 Warning(s).
Build target 'Target 1'
compiling main.c...
compiling uart.c...
linking...
*** WARNING L16: UNCALLED SEGMENT, IGNORED FOR OVERLAY PROCESS
    SEGMENT: ?PR?_UART_SEND?UART
Program Size: data=15.0 xdata=0 code=688
creating hex file from "..\Outputs\SmartHome"...
"..\Outputs\SmartHome" - 0 Error(s), 1 Warning(s).
Build target 'Target 1'
compiling main.c...
compiling uart.c...
linking...
*** WARNING L16: UNCALLED SEGMENT, IGNORED FOR OVERLAY PROCESS
    SEGMENT: ?PR?_UART_SEND?UART
Program Size: data=15.0 xdata=0 code=688
creating hex file from "..\Outputs\SmartHome"...
"..\Outputs\SmartHome" - 0 Error(s), 1 Warning(s).
Build target 'Target 1'
compiling main.c...
compiling uart.c...
linking...
*** WARNING L16: UNCALLED SEGMENT, IGNORED FOR OVERLAY PROCESS
    SEGMENT: ?PR?_UART_SEND?UART
Program Size: data=15.0 xdata=0 code=1153
creating hex file from "..\Outputs\SmartHome"...
"..\Outputs\SmartHome" - 0 Error(s), 1 Warning(s).
Build target 'Target 1'
compiling main.c...
compiling uart.c...
linking...
*** WARNING L16: UNCALLED SEGMENT, IGNORED FOR OVERLAY PROCESS
    SEGMENT: ?PR?_UART_SEND?UART
Program Size: data=15.0 xdata=0 code=1155
creating hex file from "..\Outputs\SmartHome"...
"..\Outputs\SmartHome" - 0 Error(s), 1 Warning(s).
Build target 'Target 1'
compiling main.c...
compiling uart.c...
linking...
*** WARNING L16: UNCALLED SEGMENT, IGNORED FOR OVERLAY PROCESS
    SEGMENT: ?PR?_UART_SEND?UART
Program Size: data=15.0 xdata=0 code=690
creating hex file from "..\Outputs\SmartHome"...
"..\Outputs\SmartHome" - 0 Error(s), 1 Warning(s).
Build target 'Target 1'
compiling main.c...
compiling uart.c...
linking...
*** WARNING L16: UNCALLED SEGMENT, IGNORED FOR OVERLAY PROCESS
    SEGMENT: ?PR?_UART_SEND?UART
Program Size: data=15.0 xdata=0 code=1155
creating hex file from "..\Outputs\SmartHome"...
"..\Outputs\SmartHome" - 0 Error(s), 1 Warning(s).
Build target 'Target 1'
compiling main.c...
compiling uart.c...
linking...
*** WARNING L16: UNCALLED SEGMENT, IGNORED FOR OVERLAY PROCESS
    SEGMENT: ?PR?_UART_SEND?UART
Program Size: data=15.0 xdata=0 code=1155
creating hex file from "..\Outputs\SmartHome"...
"..\Outputs\SmartHome" - 0 Error(s), 1 Warning(s).
Build target 'Target 1'
compiling main.c...
..\USER\MAIN.C(11): error C141: syntax error near 'f'
compiling uart.c...
Target not created
Build target 'Target 1'
compiling main.c...
compiling uart.c...
linking...
*** WARNING L16: UNCALLED SEGMENT, IGNORED FOR OVERLAY PROCESS
    SEGMENT: ?PR?_UART_SEND?UART
Program Size: data=15.0 xdata=0 code=1155
creating hex file from "..\Outputs\SmartHome"...
"..\Outputs\SmartHome" - 0 Error(s), 1 Warning(s).
Build target 'Target 1'
compiling main.c...
compiling uart.c...
linking...
*** WARNING L16: UNCALLED SEGMENT, IGNORED FOR OVERLAY PROCESS
    SEGMENT: ?PR?_UART_SEND?UART
Program Size: data=15.0 xdata=0 code=1155
creating hex file from "..\Outputs\SmartHome"...
"..\Outputs\SmartHome" - 0 Error(s), 1 Warning(s).
Build target 'Target 1'
compiling main.c...
compiling uart.c...
linking...
*** WARNING L16: UNCALLED SEGMENT, IGNORED FOR OVERLAY PROCESS
    SEGMENT: ?PR?_UART_SEND?UART
Program Size: data=15.0 xdata=0 code=1155
creating hex file from "..\Outputs\SmartHome"...
"..\Outputs\SmartHome" - 0 Error(s), 1 Warning(s).
Build target 'Target 1'
compiling main.c...
compiling uart.c...
linking...
*** WARNING L16: UNCALLED SEGMENT, IGNORED FOR OVERLAY PROCESS
    SEGMENT: ?PR?_UART_SEND?UART
Program Size: data=15.0 xdata=0 code=1155
creating hex file from "..\Outputs\SmartHome"...
"..\Outputs\SmartHome" - 0 Error(s), 1 Warning(s).
Build target 'Target 1'
compiling main.c...
compiling uart.c...
linking...
*** WARNING L16: UNCALLED SEGMENT, IGNORED FOR OVERLAY PROCESS
    SEGMENT: ?PR?_UART_SEND?UART
Program Size: data=15.0 xdata=0 code=1155
creating hex file from "..\Outputs\SmartHome"...
"..\Outputs\SmartHome" - 0 Error(s), 1 Warning(s).
Build target 'Target 1'
compiling main.c...
compiling uart.c...
linking...
*** WARNING L16: UNCALLED SEGMENT, IGNORED FOR OVERLAY PROCESS
    SEGMENT: ?PR?_UART_SEND?UART
Program Size: data=15.0 xdata=0 code=1155
creating hex file from "..\Outputs\SmartHome"...
"..\Outputs\SmartHome" - 0 Error(s), 1 Warning(s).
Build target 'Target 1'
compiling main.c...
compiling uart.c...
linking...
*** WARNING L16: UNCALLED SEGMENT, IGNORED FOR OVERLAY PROCESS
    SEGMENT: ?PR?_UART_SEND?UART
Program Size: data=15.0 xdata=0 code=1155
creating hex file from "..\Outputs\SmartHome"...
"..\Outputs\SmartHome" - 0 Error(s), 1 Warning(s).
Build target 'Target 1'
compiling main.c...
compiling uart.c...
linking...
*** WARNING L16: UNCALLED SEGMENT, IGNORED FOR OVERLAY PROCESS
    SEGMENT: ?PR?_UART_SEND?UART
Program Size: data=15.0 xdata=0 code=1155
creating hex file from "..\Outputs\SmartHome"...
"..\Outputs\SmartHome" - 0 Error(s), 1 Warning(s).
Build target 'Target 1'
compiling main.c...
compiling uart.c...
linking...
*** WARNING L16: UNCALLED SEGMENT, IGNORED FOR OVERLAY PROCESS
    SEGMENT: ?PR?_UART_SEND?UART
Program Size: data=15.0 xdata=0 code=1161
creating hex file from "..\Outputs\SmartHome"...
"..\Outputs\SmartHome" - 0 Error(s), 1 Warning(s).
Build target 'Target 1'
compiling main.c...
compiling uart.c...
linking...
*** WARNING L16: UNCALLED SEGMENT, IGNORED FOR OVERLAY PROCESS
    SEGMENT: ?PR?_UART_SEND?UART
Program Size: data=15.0 xdata=0 code=1161
creating hex file from "..\Outputs\SmartHome"...
"..\Outputs\SmartHome" - 0 Error(s), 1 Warning(s).
Build target 'Target 1'
compiling main.c...
compiling uart.c...
linking...
*** WARNING L16: UNCALLED SEGMENT, IGNORED FOR OVERLAY PROCESS
    SEGMENT: ?PR?_UART_SEND?UART
Program Size: data=15.0 xdata=0 code=1161
creating hex file from "..\Outputs\SmartHome"...
"..\Outputs\SmartHome" - 0 Error(s), 1 Warning(s).
Build target 'Target 1'
compiling main.c...
compiling uart.c...
linking...
*** WARNING L16: UNCALLED SEGMENT, IGNORED FOR OVERLAY PROCESS
    SEGMENT: ?PR?_UART_SEND?UART
Program Size: data=15.0 xdata=0 code=1161
creating hex file from "..\Outputs\SmartHome"...
"..\Outputs\SmartHome" - 0 Error(s), 1 Warning(s).
Build target 'Target 1'
compiling main.c...
compiling uart.c...
linking...
*** WARNING L16: UNCALLED SEGMENT, IGNORED FOR OVERLAY PROCESS
    SEGMENT: ?PR?_UART_SEND?UART
Program Size: data=15.0 xdata=0 code=1161
creating hex file from "..\Outputs\SmartHome"...
"..\Outputs\SmartHome" - 0 Error(s), 1 Warning(s).
Build target 'Target 1'
compiling main.c...
compiling uart.c...
linking...
*** WARNING L16: UNCALLED SEGMENT, IGNORED FOR OVERLAY PROCESS
    SEGMENT: ?PR?_UART_SEND?UART
Program Size: data=16.0 xdata=0 code=1184
creating hex file from "..\Outputs\SmartHome"...
"..\Outputs\SmartHome" - 0 Error(s), 1 Warning(s).
