<html>
<body>
<pre>
<h1>Vision Build Log</h1>
<h2>Project:</h2>
E:\毕业设计相关\K型热电偶测温\Keil\Project\TCK_Temper.uvproj
Project File Date:  03/12/2018

<h2>Output:</h2>
Build target 'Target 1'
compiling main.c...
linking...
Program Size: data=9.0 xdata=0 code=16
creating hex file from "..\Outputs\TCK_Temper"...
"..\Outputs\TCK_Temper" - 0 Error(s), 0 Warning(s).
Build target 'Target 1'
compiling main.c...
linking...
Program Size: data=9.0 xdata=0 code=19
creating hex file from "..\Outputs\TCK_Temper"...
"..\Outputs\TCK_Temper" - 0 Error(s), 0 Warning(s).
Build target 'Target 1'
compiling main.c...
linking...
Program Size: data=9.0 xdata=0 code=19
creating hex file from "..\Outputs\TCK_Temper"...
"..\Outputs\TCK_Temper" - 0 Error(s), 0 Warning(s).
Build target 'Target 1'
compiling main.c...
linking...
Program Size: data=9.0 xdata=0 code=19
creating hex file from "..\Outputs\TCK_Temper"...
"..\Outputs\TCK_Temper" - 0 Error(s), 0 Warning(s).
Build target 'Target 1'
compiling main.c...
linking...
Program Size: data=9.0 xdata=0 code=31
creating hex file from "..\Outputs\TCK_Temper"...
"..\Outputs\TCK_Temper" - 0 Error(s), 0 Warning(s).
Build target 'Target 1'
compiling main.c...
linking...
*** WARNING L16: UNCALLED SEGMENT, IGNORED FOR OVERLAY PROCESS
    SEGMENT: ?PR?MAX6675_READ_TEMP?MAIN
Program Size: data=9.0 xdata=0 code=66
creating hex file from "..\Outputs\TCK_Temper"...
"..\Outputs\TCK_Temper" - 0 Error(s), 1 Warning(s).
Build target 'Target 1'
compiling main.c...
..\USER\MAIN.C(27): error C141: syntax error near 'else'
Target not created
Build target 'Target 1'
compiling main.c...
linking...
*** WARNING L16: UNCALLED SEGMENT, IGNORED FOR OVERLAY PROCESS
    SEGMENT: ?PR?MAX6675_READ_TEMP?MAIN
*** WARNING L1: UNRESOLVED EXTERNAL SYMBOL
    SYMBOL:  _UART_SEND
    MODULE:  ..\Outputs\main.obj (MAIN)
*** WARNING L2: REFERENCE MADE TO UNRESOLVED EXTERNAL
    SYMBOL:  _UART_SEND
    MODULE:  ..\Outputs\main.obj (MAIN)
    ADDRESS: 0029H
Program Size: data=12.0 xdata=0 code=85
creating hex file from "..\Outputs\TCK_Temper"...
"..\Outputs\TCK_Temper" - 0 Error(s), 3 Warning(s).
Build target 'Target 1'
compiling main.c...
compiling uart.c...
linking...
*** WARNING L16: UNCALLED SEGMENT, IGNORED FOR OVERLAY PROCESS
    SEGMENT: ?PR?MAX6675_READ_TEMP?MAIN
*** WARNING L16: UNCALLED SEGMENT, IGNORED FOR OVERLAY PROCESS
    SEGMENT: ?PR?UART_INIT?UART
*** WARNING L1: UNRESOLVED EXTERNAL SYMBOL
    SYMBOL:  _UART_RECEIVED
    MODULE:  ..\Outputs\uart.obj (UART)
*** WARNING L2: REFERENCE MADE TO UNRESOLVED EXTERNAL
    SYMBOL:  _UART_RECEIVED
    MODULE:  ..\Outputs\uart.obj (UART)
    ADDRESS: 004BH
Program Size: data=12.0 xdata=0 code=181
creating hex file from "..\Outputs\TCK_Temper"...
"..\Outputs\TCK_Temper" - 0 Error(s), 4 Warning(s).
Build target 'Target 1'
compiling main.c...
compiling uart.c...
linking...
*** WARNING L16: UNCALLED SEGMENT, IGNORED FOR OVERLAY PROCESS
    SEGMENT: ?PR?MAX6675_READ_TEMP?MAIN
*** WARNING L1: UNRESOLVED EXTERNAL SYMBOL
    SYMBOL:  _UART_RECEIVED
    MODULE:  ..\Outputs\uart.obj (UART)
*** WARNING L2: REFERENCE MADE TO UNRESOLVED EXTERNAL
    SYMBOL:  _UART_RECEIVED
    MODULE:  ..\Outputs\uart.obj (UART)
    ADDRESS: 004BH
Program Size: data=12.0 xdata=0 code=184
creating hex file from "..\Outputs\TCK_Temper"...
"..\Outputs\TCK_Temper" - 0 Error(s), 3 Warning(s).
Build target 'Target 1'
compiling main.c...
..\USER\MAIN.C(39): warning C280: 'i': unreferenced local variable
compiling uart.c...
linking...
*** WARNING L1: UNRESOLVED EXTERNAL SYMBOL
    SYMBOL:  _UART_RECEIVED
    MODULE:  ..\Outputs\uart.obj (UART)
*** WARNING L2: REFERENCE MADE TO UNRESOLVED EXTERNAL
    SYMBOL:  _UART_RECEIVED
    MODULE:  ..\Outputs\uart.obj (UART)
    ADDRESS: 004BH
Program Size: data=13.0 xdata=0 code=173
creating hex file from "..\Outputs\TCK_Temper"...
"..\Outputs\TCK_Temper" - 0 Error(s), 3 Warning(s).
Build target 'Target 1'
compiling main.c...
..\USER\MAIN.C(39): warning C280: 'i': unreferenced local variable
compiling uart.c...
linking...
*** WARNING L1: UNRESOLVED EXTERNAL SYMBOL
    SYMBOL:  _UART_RECEIVED
    MODULE:  ..\Outputs\uart.obj (UART)
*** WARNING L2: REFERENCE MADE TO UNRESOLVED EXTERNAL
    SYMBOL:  _UART_RECEIVED
    MODULE:  ..\Outputs\uart.obj (UART)
    ADDRESS: 004BH
Program Size: data=13.0 xdata=0 code=176
creating hex file from "..\Outputs\TCK_Temper"...
"..\Outputs\TCK_Temper" - 0 Error(s), 3 Warning(s).
Build target 'Target 1'
compiling main.c...
..\USER\MAIN.C(39): warning C280: 'i': unreferenced local variable
compiling uart.c...
linking...
*** WARNING L1: UNRESOLVED EXTERNAL SYMBOL
    SYMBOL:  _UART_RECEIVED
    MODULE:  ..\Outputs\uart.obj (UART)
*** WARNING L2: REFERENCE MADE TO UNRESOLVED EXTERNAL
    SYMBOL:  _UART_RECEIVED
    MODULE:  ..\Outputs\uart.obj (UART)
    ADDRESS: 004BH
Program Size: data=13.0 xdata=0 code=173
creating hex file from "..\Outputs\TCK_Temper"...
"..\Outputs\TCK_Temper" - 0 Error(s), 3 Warning(s).
Build target 'Target 1'
compiling main.c...
..\USER\MAIN.C(46): warning C280: 'i': unreferenced local variable
compiling uart.c...
linking...
*** WARNING L1: UNRESOLVED EXTERNAL SYMBOL
    SYMBOL:  _UART_RECEIVED
    MODULE:  ..\Outputs\uart.obj (UART)
*** WARNING L2: REFERENCE MADE TO UNRESOLVED EXTERNAL
    SYMBOL:  _UART_RECEIVED
    MODULE:  ..\Outputs\uart.obj (UART)
    ADDRESS: 004BH
Program Size: data=13.0 xdata=0 code=198
creating hex file from "..\Outputs\TCK_Temper"...
"..\Outputs\TCK_Temper" - 0 Error(s), 3 Warning(s).
Build target 'Target 1'
compiling main.c...
compiling uart.c...
linking...
*** WARNING L1: UNRESOLVED EXTERNAL SYMBOL
    SYMBOL:  _UART_RECEIVED
    MODULE:  ..\Outputs\uart.obj (UART)
*** WARNING L2: REFERENCE MADE TO UNRESOLVED EXTERNAL
    SYMBOL:  _UART_RECEIVED
    MODULE:  ..\Outputs\uart.obj (UART)
    ADDRESS: 004BH
Program Size: data=12.0 xdata=0 code=198
creating hex file from "..\Outputs\TCK_Temper"...
"..\Outputs\TCK_Temper" - 0 Error(s), 2 Warning(s).
Build target 'Target 1'
compiling main.c...
compiling uart.c...
linking...
*** WARNING L1: UNRESOLVED EXTERNAL SYMBOL
    SYMBOL:  _UART_RECEIVED
    MODULE:  ..\Outputs\uart.obj (UART)
*** WARNING L2: REFERENCE MADE TO UNRESOLVED EXTERNAL
    SYMBOL:  _UART_RECEIVED
    MODULE:  ..\Outputs\uart.obj (UART)
    ADDRESS: 004BH
Program Size: data=12.0 xdata=0 code=198
creating hex file from "..\Outputs\TCK_Temper"...
"..\Outputs\TCK_Temper" - 0 Error(s), 2 Warning(s).
Build target 'Target 1'
compiling main.c...
compiling uart.c...
linking...
*** WARNING L1: UNRESOLVED EXTERNAL SYMBOL
    SYMBOL:  _UART_RECEIVED
    MODULE:  ..\Outputs\uart.obj (UART)
*** WARNING L2: REFERENCE MADE TO UNRESOLVED EXTERNAL
    SYMBOL:  _UART_RECEIVED
    MODULE:  ..\Outputs\uart.obj (UART)
    ADDRESS: 004BH
Program Size: data=12.0 xdata=0 code=198
creating hex file from "..\Outputs\TCK_Temper"...
"..\Outputs\TCK_Temper" - 0 Error(s), 2 Warning(s).
Build target 'Target 1'
compiling main.c...
compiling uart.c...
linking...
*** WARNING L1: UNRESOLVED EXTERNAL SYMBOL
    SYMBOL:  _UART_RECEIVED
    MODULE:  ..\Outputs\uart.obj (UART)
*** WARNING L2: REFERENCE MADE TO UNRESOLVED EXTERNAL
    SYMBOL:  _UART_RECEIVED
    MODULE:  ..\Outputs\uart.obj (UART)
    ADDRESS: 004BH
Program Size: data=12.0 xdata=0 code=198
creating hex file from "..\Outputs\TCK_Temper"...
"..\Outputs\TCK_Temper" - 0 Error(s), 2 Warning(s).
Build target 'Target 1'
compiling main.c...
compiling uart.c...
linking...
*** WARNING L1: UNRESOLVED EXTERNAL SYMBOL
    SYMBOL:  _UART_RECEIVED
    MODULE:  ..\Outputs\uart.obj (UART)
*** WARNING L2: REFERENCE MADE TO UNRESOLVED EXTERNAL
    SYMBOL:  _UART_RECEIVED
    MODULE:  ..\Outputs\uart.obj (UART)
    ADDRESS: 004BH
Program Size: data=12.0 xdata=0 code=198
creating hex file from "..\Outputs\TCK_Temper"...
"..\Outputs\TCK_Temper" - 0 Error(s), 2 Warning(s).
Build target 'Target 1'
compiling main.c...
..\USER\MAIN.C(23): warning C206: 'max6675_read_temp': missing function-prototype
compiling uart.c...
linking...
*** WARNING L16: UNCALLED SEGMENT, IGNORED FOR OVERLAY PROCESS
    SEGMENT: ?PR?UART_INIT?UART
*** WARNING L16: UNCALLED SEGMENT, IGNORED FOR OVERLAY PROCESS
    SEGMENT: ?PR?_UART_SEND?UART
*** WARNING L1: UNRESOLVED EXTERNAL SYMBOL
    SYMBOL:  MAX6675_READ_TEMP
    MODULE:  ..\Outputs\main.obj (MAIN)
*** WARNING L2: REFERENCE MADE TO UNRESOLVED EXTERNAL
    SYMBOL:  MAX6675_READ_TEMP
    MODULE:  ..\Outputs\main.obj (MAIN)
    ADDRESS: 007CH
*** WARNING L2: REFERENCE MADE TO UNRESOLVED EXTERNAL
    SYMBOL:  MAX6675_READ_TEMP
    MODULE:  ..\Outputs\main.obj (MAIN)
    ADDRESS: 007FH
*** WARNING L1: UNRESOLVED EXTERNAL SYMBOL
    SYMBOL:  _UART_RECEIVED
    MODULE:  ..\Outputs\uart.obj (UART)
*** WARNING L2: REFERENCE MADE TO UNRESOLVED EXTERNAL
    SYMBOL:  _UART_RECEIVED
    MODULE:  ..\Outputs\uart.obj (UART)
    ADDRESS: 004BH
Program Size: data=9.0 xdata=0 code=141
creating hex file from "..\Outputs\TCK_Temper"...
"..\Outputs\TCK_Temper" - 0 Error(s), 8 Warning(s).
Build target 'Target 1'
compiling main.c...
compiling uart.c...
compiling tck_max6675.c...
..\HARDWARE\TCK_MAX6675.C(3): error C202: 'P2': undefined identifier
..\HARDWARE\TCK_MAX6675.C(4): error C202: 'P2': undefined identifier
..\HARDWARE\TCK_MAX6675.C(5): error C202: 'P2': undefined identifier
Target not created
Build target 'Target 1'
compiling main.c...
compiling uart.c...
compiling tck_max6675.c...
..\HARDWARE\TCK_MAX6675.C(15): warning C206: 'uart_init': missing function-prototype
..\HARDWARE\TCK_MAX6675.C(17): warning C206: '_nop_': missing function-prototype
..\HARDWARE\TCK_MAX6675.C(17): error C264: intrinsic '_nop_': declaration/activation error
Target not created
Build target 'Target 1'
compiling main.c...
compiling uart.c...
compiling tck_max6675.c...
..\HARDWARE\TCK_MAX6675.C(16): warning C206: '_nop_': missing function-prototype
..\HARDWARE\TCK_MAX6675.C(16): error C264: intrinsic '_nop_': declaration/activation error
Target not created
Build target 'Target 1'
compiling main.c...
compiling uart.c...
compiling tck_max6675.c...
linking...
*** WARNING L1: UNRESOLVED EXTERNAL SYMBOL
    SYMBOL:  _UART_RECEIVED
    MODULE:  ..\Outputs\uart.obj (UART)
*** WARNING L2: REFERENCE MADE TO UNRESOLVED EXTERNAL
    SYMBOL:  _UART_RECEIVED
    MODULE:  ..\Outputs\uart.obj (UART)
    ADDRESS: 0092H
Program Size: data=9.0 xdata=0 code=215
creating hex file from "..\Outputs\TCK_Temper"...
"..\Outputs\TCK_Temper" - 0 Error(s), 2 Warning(s).
Build target 'Target 1'
compiling main.c...
compiling tck_max6675.c...
linking...
*** WARNING L1: UNRESOLVED EXTERNAL SYMBOL
    SYMBOL:  _UART_SEND
    MODULE:  ..\Outputs\main.obj (MAIN)
*** WARNING L1: UNRESOLVED EXTERNAL SYMBOL
    SYMBOL:  UART_INIT
    MODULE:  ..\Outputs\main.obj (MAIN)
*** WARNING L2: REFERENCE MADE TO UNRESOLVED EXTERNAL
    SYMBOL:  UART_INIT
    MODULE:  ..\Outputs\main.obj (MAIN)
    ADDRESS: 005EH
*** WARNING L2: REFERENCE MADE TO UNRESOLVED EXTERNAL
    SYMBOL:  _UART_SEND
    MODULE:  ..\Outputs\main.obj (MAIN)
    ADDRESS: 0064H
Program Size: data=9.0 xdata=0 code=119
creating hex file from "..\Outputs\TCK_Temper"...
"..\Outputs\TCK_Temper" - 0 Error(s), 4 Warning(s).
Build target 'Target 1'
compiling main.c...
compiling tck_max6675.c...
compiling uart.c...
linking...
*** WARNING L1: UNRESOLVED EXTERNAL SYMBOL
    SYMBOL:  _UART_RECEIVED
    MODULE:  ..\Outputs\uart.obj (UART)
*** WARNING L2: REFERENCE MADE TO UNRESOLVED EXTERNAL
    SYMBOL:  _UART_RECEIVED
    MODULE:  ..\Outputs\uart.obj (UART)
    ADDRESS: 0092H
Program Size: data=9.0 xdata=0 code=215
creating hex file from "..\Outputs\TCK_Temper"...
"..\Outputs\TCK_Temper" - 0 Error(s), 2 Warning(s).
Build target 'Target 1'
compiling main.c...
compiling tck_max6675.c...
compiling uart.c...
linking...
*** WARNING L1: UNRESOLVED EXTERNAL SYMBOL
    SYMBOL:  _UART_RECEIVED
    MODULE:  ..\Outputs\uart.obj (UART)
*** WARNING L2: REFERENCE MADE TO UNRESOLVED EXTERNAL
    SYMBOL:  _UART_RECEIVED
    MODULE:  ..\Outputs\uart.obj (UART)
    ADDRESS: 004BH
Program Size: data=9.0 xdata=0 code=209
creating hex file from "..\Outputs\TCK_Temper"...
"..\Outputs\TCK_Temper" - 0 Error(s), 2 Warning(s).
Build target 'Target 1'
compiling main.c...
compiling tck_max6675.c...
compiling uart.c...
linking...
*** WARNING L1: UNRESOLVED EXTERNAL SYMBOL
    SYMBOL:  _UART_RECEIVED
    MODULE:  ..\Outputs\uart.obj (UART)
*** WARNING L2: REFERENCE MADE TO UNRESOLVED EXTERNAL
    SYMBOL:  _UART_RECEIVED
    MODULE:  ..\Outputs\uart.obj (UART)
    ADDRESS: 0092H
Program Size: data=9.0 xdata=0 code=215
creating hex file from "..\Outputs\TCK_Temper"...
"..\Outputs\TCK_Temper" - 0 Error(s), 2 Warning(s).
Build target 'Target 1'
compiling main.c...
compiling tck_max6675.c...
compiling uart.c...
linking...
*** WARNING L1: UNRESOLVED EXTERNAL SYMBOL
    SYMBOL:  _UART_RECEIVED
    MODULE:  ..\Outputs\uart.obj (UART)
*** WARNING L2: REFERENCE MADE TO UNRESOLVED EXTERNAL
    SYMBOL:  _UART_RECEIVED
    MODULE:  ..\Outputs\uart.obj (UART)
    ADDRESS: 0092H
Program Size: data=9.0 xdata=0 code=215
creating hex file from "..\Outputs\TCK_Temper"...
"..\Outputs\TCK_Temper" - 0 Error(s), 2 Warning(s).
Build target 'Target 1'
compiling main.c...
compiling tck_max6675.c...
compiling uart.c...
linking...
*** WARNING L1: UNRESOLVED EXTERNAL SYMBOL
    SYMBOL:  _UART_RECEIVED
    MODULE:  ..\Outputs\uart.obj (UART)
*** WARNING L2: REFERENCE MADE TO UNRESOLVED EXTERNAL
    SYMBOL:  _UART_RECEIVED
    MODULE:  ..\Outputs\uart.obj (UART)
    ADDRESS: 0090H
Program Size: data=9.0 xdata=0 code=213
creating hex file from "..\Outputs\TCK_Temper"...
"..\Outputs\TCK_Temper" - 0 Error(s), 2 Warning(s).
Build target 'Target 1'
compiling main.c...
compiling tck_max6675.c...
compiling uart.c...
linking...
*** WARNING L1: UNRESOLVED EXTERNAL SYMBOL
    SYMBOL:  _UART_RECEIVED
    MODULE:  ..\Outputs\uart.obj (UART)
*** WARNING L2: REFERENCE MADE TO UNRESOLVED EXTERNAL
    SYMBOL:  _UART_RECEIVED
    MODULE:  ..\Outputs\uart.obj (UART)
    ADDRESS: 0092H
Program Size: data=9.0 xdata=0 code=215
creating hex file from "..\Outputs\TCK_Temper"...
"..\Outputs\TCK_Temper" - 0 Error(s), 2 Warning(s).
Build target 'Target 1'
compiling main.c...
compiling tck_max6675.c...
compiling uart.c...
linking...
*** WARNING L1: UNRESOLVED EXTERNAL SYMBOL
    SYMBOL:  _UART_RECEIVED
    MODULE:  ..\Outputs\uart.obj (UART)
*** WARNING L2: REFERENCE MADE TO UNRESOLVED EXTERNAL
    SYMBOL:  _UART_RECEIVED
    MODULE:  ..\Outputs\uart.obj (UART)
    ADDRESS: 0092H
Program Size: data=9.0 xdata=0 code=215
creating hex file from "..\Outputs\TCK_Temper"...
"..\Outputs\TCK_Temper" - 0 Error(s), 2 Warning(s).
Build target 'Target 1'
compiling main.c...
compiling tck_max6675.c...
compiling uart.c...
linking...
*** WARNING L1: UNRESOLVED EXTERNAL SYMBOL
    SYMBOL:  _UART_RECEIVED
    MODULE:  ..\Outputs\uart.obj (UART)
*** WARNING L2: REFERENCE MADE TO UNRESOLVED EXTERNAL
    SYMBOL:  _UART_RECEIVED
    MODULE:  ..\Outputs\uart.obj (UART)
    ADDRESS: 0092H
Program Size: data=9.0 xdata=0 code=215
creating hex file from "..\Outputs\TCK_Temper"...
"..\Outputs\TCK_Temper" - 0 Error(s), 2 Warning(s).
Build target 'Target 1'
compiling main.c...
compiling tck_max6675.c...
compiling uart.c...
linking...
*** WARNING L1: UNRESOLVED EXTERNAL SYMBOL
    SYMBOL:  _UART_RECEIVED
    MODULE:  ..\Outputs\uart.obj (UART)
*** WARNING L2: REFERENCE MADE TO UNRESOLVED EXTERNAL
    SYMBOL:  _UART_RECEIVED
    MODULE:  ..\Outputs\uart.obj (UART)
    ADDRESS: 0092H
Program Size: data=9.0 xdata=0 code=215
creating hex file from "..\Outputs\TCK_Temper"...
"..\Outputs\TCK_Temper" - 0 Error(s), 2 Warning(s).
Build target 'Target 1'
compiling main.c...
compiling tck_max6675.c...
linking...
*** WARNING L1: UNRESOLVED EXTERNAL SYMBOL
    SYMBOL:  _UART_RECEIVED
    MODULE:  ..\Outputs\uart.obj (UART)
*** WARNING L2: REFERENCE MADE TO UNRESOLVED EXTERNAL
    SYMBOL:  _UART_RECEIVED
    MODULE:  ..\Outputs\uart.obj (UART)
    ADDRESS: 0420H
Program Size: data=11.0 xdata=0 code=1125
creating hex file from "..\Outputs\TCK_Temper"...
"..\Outputs\TCK_Temper" - 0 Error(s), 2 Warning(s).
Build target 'Target 1'
compiling main.c...
compiling tck_max6675.c...
compiling uart.c...
linking...
*** WARNING L1: UNRESOLVED EXTERNAL SYMBOL
    SYMBOL:  _UART_RECEIVED
    MODULE:  ..\Outputs\uart.obj (UART)
*** WARNING L2: REFERENCE MADE TO UNRESOLVED EXTERNAL
    SYMBOL:  _UART_RECEIVED
    MODULE:  ..\Outputs\uart.obj (UART)
    ADDRESS: 0420H
Program Size: data=11.0 xdata=0 code=1125
creating hex file from "..\Outputs\TCK_Temper"...
"..\Outputs\TCK_Temper" - 0 Error(s), 2 Warning(s).
Build target 'Target 1'
compiling main.c...
compiling tck_max6675.c...
compiling uart.c...
linking...
*** WARNING L16: UNCALLED SEGMENT, IGNORED FOR OVERLAY PROCESS
    SEGMENT: ?PR?DELAY?MAIN
*** WARNING L1: UNRESOLVED EXTERNAL SYMBOL
    SYMBOL:  _UART_RECEIVED
    MODULE:  ..\Outputs\uart.obj (UART)
*** WARNING L2: REFERENCE MADE TO UNRESOLVED EXTERNAL
    SYMBOL:  _UART_RECEIVED
    MODULE:  ..\Outputs\uart.obj (UART)
    ADDRESS: 0092H
Program Size: data=9.0 xdata=0 code=212
creating hex file from "..\Outputs\TCK_Temper"...
"..\Outputs\TCK_Temper" - 0 Error(s), 3 Warning(s).
Build target 'Target 1'
compiling main.c...
compiling tck_max6675.c...
compiling uart.c...
linking...
*** WARNING L1: UNRESOLVED EXTERNAL SYMBOL
    SYMBOL:  _UART_RECEIVED
    MODULE:  ..\Outputs\uart.obj (UART)
*** WARNING L2: REFERENCE MADE TO UNRESOLVED EXTERNAL
    SYMBOL:  _UART_RECEIVED
    MODULE:  ..\Outputs\uart.obj (UART)
    ADDRESS: 0092H
Program Size: data=9.0 xdata=0 code=215
creating hex file from "..\Outputs\TCK_Temper"...
"..\Outputs\TCK_Temper" - 0 Error(s), 2 Warning(s).
